#
# A fatal error has been detected by the Java Runtime Environment:
#
#  EXCEPTION_ACCESS_VIOLATION (0xc0000005) at pc=0x0000000064a0ab81, pid=22672, tid=22908
#
# JRE version: Java(TM) SE Runtime Environment (8.0_91-b15) (build 1.8.0_91-b15)
# Java VM: Java HotSpot(TM) 64-Bit Server VM (25.91-b15 mixed mode windows-amd64 compressed oops)
# Problematic frame:
# V  [jvm.dll+0x15ab81]
#
# Failed to write core dump. Minidumps are not enabled by default on client versions of Windows
#
# If you would like to submit a bug report, please visit:
#   http://bugreport.java.com/bugreport/crash.jsp
#

---------------  T H R E A D  ---------------

Current thread (0x00000000608fb800):  JavaThread "Thread-14" [_thread_in_vm, id=22908, stack(0x0000000062430000,0x0000000062530000)]

siginfo: ExceptionCode=0xc0000005, reading address 0x0000000000000000

Registers:
RAX=0x0000000000000000, RBX=0x00000000608fb800, RCX=0x00000000608fb800, RDX=0x00000000d5e783f8
RSP=0x000000006252ee40, RBP=0x0000000000000000, RSI=0x0000000000000000, RDI=0x00000000ffffb5c4
R8 =0x0000000000000000, R9 =0x00000000ffffb5c4, R10=0x0000000065047d50, R11=0x0000000000000200
R12=0x0000000060060b58, R13=0x000000006005c11c, R14=0x000000006252ef70, R15=0x0000000000000000
RIP=0x0000000064a0ab81, EFLAGS=0x0000000000010246

Top of Stack: (sp=0x000000006252ee40)
0x000000006252ee40:   00000000608fb9f8 00000000649ef9ac
0x000000006252ee50:   000000000000000e 00000000608fb800
0x000000006252ee60:   00000000ffffb5c4 00000000649ecd55
0x000000006252ee70:   00000000608fb800 000000005892d7d8
0x000000006252ee80:   0000000000000076 0000000064eae450
0x000000006252ee90:   0000000000000000 000007fef2552938
0x000000006252eea0:   00000000ffffb5c4 00000000608fb9f8
0x000000006252eeb0:   0000000000000000 0000000058931650
0x000000006252eec0:   0000000060060b58 00000000529cb5c4
0x000000006252eed0:   00000000d7b3b343 0000000006da5f8d
0x000000006252eee0:   0000000060060b58 000007fe0000000e
0x000000006252eef0:   0000000000000008 00000000ffffffff
0x000000006252ef00:   0000000000000001 00000000529cb5c4
0x000000006252ef10:   0000000000000008 00000000608fb9f8
0x000000006252ef20:   000007fef2550000 000007fef2552376
0x000000006252ef30:   000000006252ef50 0000000000000008 

Instructions: (pc=0x0000000064a0ab81)
0x0000000064a0ab61:   00 48 83 7b 08 00 48 89 5c 24 30 48 c7 44 24 38
0x0000000064a0ab71:   00 00 00 00 74 0a 48 8d 4c 24 30 e8 ff f0 11 00
0x0000000064a0ab81:   4c 8b 4d 00 85 f6 0f 88 1c 01 00 00 85 ff 0f 88
0x0000000064a0ab91:   14 01 00 00 0f b6 15 95 90 6a 00 41 b8 10 00 00 


Register to memory mapping:

RAX=0x0000000000000000 is an unknown value
RBX=0x00000000608fb800 is a thread
RCX=0x00000000608fb800 is a thread
RDX=0x00000000d5e783f8 is an oop
java.lang.StackOverflowError 
 - klass: 'java/lang/StackOverflowError'
RSP=0x000000006252ee40 is pointing into the stack for thread: 0x00000000608fb800
RBP=0x0000000000000000 is an unknown value
RSI=0x0000000000000000 is an unknown value
RDI=0x00000000ffffb5c4 is an unallocated location in the heap
R8 =0x0000000000000000 is an unknown value
R9 =0x00000000ffffb5c4 is an unallocated location in the heap
R10=0x0000000065047d50 is an unknown value
R11=0x0000000000000200 is an unknown value
R12=0x0000000060060b58 is an unknown value
R13=0x000000006005c11c is an unknown value
R14=0x000000006252ef70 is pointing into the stack for thread: 0x00000000608fb800
R15=0x0000000000000000 is an unknown value


Stack: [0x0000000062430000,0x0000000062530000],  sp=0x000000006252ee40,  free space=1019k
Native frames: (J=compiled Java code, j=interpreted, Vv=VM code, C=native code)

Java frames: (J=compiled Java code, j=interpreted, Vv=VM code)
j  jpcap.JpcapCaptor.loopPacket(ILjpcap/PacketReceiver;)I+0
j  cn.seu.edu.LANComm.communication.receiver.DataReceiver.run()V+37
j  java.lang.Thread.run()V+11
v  ~StubRoutines::call_stub

---------------  P R O C E S S  ---------------

Java Threads: ( => current thread )
  0x000000005e9be000 JavaThread "Thread-15" [_thread_blocked, id=22496, stack(0x00000000625e0000,0x00000000626e0000)]
=>0x00000000608fb800 JavaThread "Thread-14" [_thread_in_vm, id=22908, stack(0x0000000062430000,0x0000000062530000)]
  0x00000000608fa800 JavaThread "Thread-13" [_thread_in_native, id=22728, stack(0x00000000622b0000,0x00000000623b0000)]
  0x00000000608f7800 JavaThread "Thread-12" [_thread_blocked, id=21680, stack(0x00000000615c0000,0x00000000616c0000)]
  0x00000000608fa000 JavaThread "Thread-11" [_thread_blocked, id=20108, stack(0x0000000062090000,0x0000000062190000)]
  0x00000000608f7000 JavaThread "Thread-9" [_thread_blocked, id=17700, stack(0x0000000061e40000,0x0000000061f40000)]
  0x00000000608f9000 JavaThread "Thread-8" [_thread_blocked, id=23076, stack(0x0000000061c90000,0x0000000061d90000)]
  0x00000000608f8800 JavaThread "Thread-7" [_thread_blocked, id=23108, stack(0x0000000061ab0000,0x0000000061bb0000)]
  0x00000000608f5800 JavaThread "Thread-4" [_thread_blocked, id=23092, stack(0x000000005d580000,0x000000005d680000)]
  0x00000000608f6000 JavaThread "Thread-3" [_thread_blocked, id=23088, stack(0x000000005d390000,0x000000005d490000)]
  0x00000000608f4800 JavaThread "D3D Screen Updater" daemon [_thread_blocked, id=22840, stack(0x00000000603b0000,0x00000000604b0000)]
  0x0000000059a2a000 JavaThread "TimerQueue" daemon [_thread_blocked, id=22816, stack(0x000000005d8e0000,0x000000005d9e0000)]
  0x0000000002319000 JavaThread "DestroyJavaVM" [_thread_blocked, id=20216, stack(0x0000000002580000,0x0000000002680000)]
  0x00000000598fb800 JavaThread "AWT-EventQueue-0" [_thread_in_Java, id=21748, stack(0x000000005a9a0000,0x000000005aaa0000)]
  0x0000000059913800 JavaThread "AWT-Windows" daemon [_thread_in_native, id=22940, stack(0x000000005a5b0000,0x000000005a6b0000)]
  0x0000000059912000 JavaThread "AWT-Shutdown" [_thread_blocked, id=22352, stack(0x000000005a330000,0x000000005a430000)]
  0x000000005990f800 JavaThread "Java2D Disposer" daemon [_thread_blocked, id=23524, stack(0x000000005a140000,0x000000005a240000)]
  0x000000005878f800 JavaThread "Service Thread" daemon [_thread_blocked, id=23352, stack(0x0000000059570000,0x0000000059670000)]
  0x0000000058710000 JavaThread "C1 CompilerThread2" daemon [_thread_blocked, id=20360, stack(0x0000000059690000,0x0000000059790000)]
  0x0000000058704000 JavaThread "C2 CompilerThread1" daemon [_thread_blocked, id=20072, stack(0x0000000059460000,0x0000000059560000)]
  0x000000005870e800 JavaThread "C2 CompilerThread0" daemon [_thread_blocked, id=20132, stack(0x00000000590b0000,0x00000000591b0000)]
  0x00000000586f8000 JavaThread "JDWP Command Reader" daemon [_thread_in_native, id=21532, stack(0x0000000059360000,0x0000000059460000)]
  0x00000000586f1000 JavaThread "JDWP Event Helper Thread" daemon [_thread_blocked, id=23356, stack(0x00000000591f0000,0x00000000592f0000)]
  0x00000000586eb000 JavaThread "JDWP Transport Listener: dt_socket" daemon [_thread_blocked, id=21960, stack(0x0000000058f80000,0x0000000059080000)]
  0x00000000586c8800 JavaThread "Attach Listener" daemon [_thread_blocked, id=22640, stack(0x0000000058e00000,0x0000000058f00000)]
  0x000000005750f000 JavaThread "Signal Dispatcher" daemon [_thread_blocked, id=22140, stack(0x0000000058b10000,0x0000000058c10000)]
  0x00000000574ea800 JavaThread "Finalizer" daemon [_thread_blocked, id=22192, stack(0x00000000585c0000,0x00000000586c0000)]
  0x00000000574a3800 JavaThread "Reference Handler" daemon [_thread_blocked, id=19796, stack(0x0000000058430000,0x0000000058530000)]

Other Threads:
  0x000000005749c000 VMThread [stack: 0x00000000582f0000,0x00000000583f0000] [id=21700]
  0x00000000587bb800 WatcherThread [stack: 0x0000000059790000,0x0000000059890000] [id=22936]

VM state:synchronizing (normal execution)

VM Mutex/Monitor currently owned by a thread:  ([mutex/lock_event])
[0x00000000022ddf20] Threads_lock - owner thread: 0x000000005749c000

Heap:
 PSYoungGen      total 38400K, used 13326K [0x00000000d5980000, 0x00000000d8400000, 0x0000000100000000)
  eden space 33280K, 24% used [0x00000000d5980000,0x00000000d6184908,0x00000000d7a00000)
  from space 5120K, 99% used [0x00000000d7a00000,0x00000000d7eff0e0,0x00000000d7f00000)
  to   space 5120K, 0% used [0x00000000d7f00000,0x00000000d7f00000,0x00000000d8400000)
 ParOldGen       total 87552K, used 2065K [0x0000000080c00000, 0x0000000086180000, 0x00000000d5980000)
  object space 87552K, 2% used [0x0000000080c00000,0x0000000080e04500,0x0000000086180000)
 Metaspace       used 16267K, capacity 16566K, committed 16768K, reserved 1064960K
  class space    used 1963K, capacity 2071K, committed 2176K, reserved 1048576K

Card table byte_map: [0x0000000011a40000,0x0000000011e40000] byte_map_base: 0x000000001163a000

Marking Bits: (ParMarkBitMap*) 0x00000000650c2f70
 Begin Bits: [0x0000000012770000, 0x0000000014740000)
 End Bits:   [0x0000000014740000, 0x0000000016710000)

Polling page: 0x0000000000110000

CodeCache: size=245760Kb used=6037Kb max_used=6049Kb free=239722Kb
 bounds [0x0000000002680000, 0x0000000002c70000, 0x0000000011680000]
 total_blobs=2422 nmethods=1841 adapters=501
 compilation: enabled

Compilation events (10 events):
Event: 33.594 Thread 0x0000000058710000 1849       3       java.util.GregorianCalendar::internalGetEra (18 bytes)
Event: 33.594 Thread 0x0000000058710000 nmethod 1849 0x0000000002c56150 code [0x0000000002c562c0, 0x0000000002c566d0]
Event: 33.594 Thread 0x0000000058710000 1852       3       java.util.Calendar::getTime (12 bytes)
Event: 33.594 Thread 0x0000000058710000 nmethod 1852 0x0000000002c568d0 code [0x0000000002c56a60, 0x0000000002c56f08]
Event: 33.594 Thread 0x0000000058710000 1853       3       java.util.Calendar::getTimeInMillis (16 bytes)
Event: 33.594 Thread 0x0000000058710000 nmethod 1853 0x0000000002c570d0 code [0x0000000002c57240, 0x0000000002c57508]
Event: 33.594 Thread 0x0000000058710000 1850       3       org.jfree.data.time.TimeSeries::getDataItem (14 bytes)
Event: 33.594 Thread 0x0000000058710000 nmethod 1850 0x0000000002c575d0 code [0x0000000002c57740, 0x0000000002c57a48]
Event: 33.594 Thread 0x0000000058710000 1855       3       java.util.GregorianCalendar::computeTime (970 bytes)
Event: 33.597 Thread 0x000000005870e800 1865       4       java.util.Calendar::set (72 bytes)

GC Heap History (2 events):
Event: 6.624 GC heap before
{Heap before GC invocations=1 (full 0):
 PSYoungGen      total 38400K, used 33280K [0x00000000d5980000, 0x00000000d8400000, 0x0000000100000000)
  eden space 33280K, 100% used [0x00000000d5980000,0x00000000d7a00000,0x00000000d7a00000)
  from space 5120K, 0% used [0x00000000d7f00000,0x00000000d7f00000,0x00000000d8400000)
  to   space 5120K, 0% used [0x00000000d7a00000,0x00000000d7a00000,0x00000000d7f00000)
 ParOldGen       total 87552K, used 0K [0x0000000080c00000, 0x0000000086180000, 0x00000000d5980000)
  object space 87552K, 0% used [0x0000000080c00000,0x0000000080c00000,0x0000000086180000)
 Metaspace       used 15504K, capacity 15798K, committed 16128K, reserved 1062912K
  class space    used 1922K, capacity 2007K, committed 2048K, reserved 1048576K
Event: 6.630 GC heap after
Heap after GC invocations=1 (full 0):
 PSYoungGen      total 38400K, used 5116K [0x00000000d5980000, 0x00000000d8400000, 0x0000000100000000)
  eden space 33280K, 0% used [0x00000000d5980000,0x00000000d5980000,0x00000000d7a00000)
  from space 5120K, 99% used [0x00000000d7a00000,0x00000000d7eff0e0,0x00000000d7f00000)
  to   space 5120K, 0% used [0x00000000d7f00000,0x00000000d7f00000,0x00000000d8400000)
 ParOldGen       total 87552K, used 2065K [0x0000000080c00000, 0x0000000086180000, 0x00000000d5980000)
  object space 87552K, 2% used [0x0000000080c00000,0x0000000080e04500,0x0000000086180000)
 Metaspace       used 15504K, capacity 15798K, committed 16128K, reserved 1062912K
  class space    used 1922K, capacity 2007K, committed 2048K, reserved 1048576K
}

Deoptimization events (10 events):
Event: 4.704 Thread 0x0000000059913800 Uncommon trap: reason=class_check action=maybe_recompile pc=0x0000000002918ce8 method=java.util.HashMap.putVal(ILjava/lang/Object;Ljava/lang/Object;ZZ)Ljava/lang/Object; @ 91
Event: 4.809 Thread 0x00000000598fb800 Uncommon trap: reason=unstable_if action=reinterpret pc=0x00000000028f4ac4 method=java.lang.ThreadLocal$ThreadLocalMap.getEntry(Ljava/lang/ThreadLocal;)Ljava/lang/ThreadLocal$ThreadLocalMap$Entry; @ 21
Event: 5.075 Thread 0x00000000598fb800 Uncommon trap: reason=unstable_if action=reinterpret pc=0x0000000002a26c70 method=org.jfree.chart.axis.TickUnit.compareTo(Ljava/lang/Object;)I @ 35
Event: 5.130 Thread 0x00000000598fb800 Uncommon trap: reason=unstable_if action=reinterpret pc=0x00000000028f2508 method=sun.font.TrueTypeFont.getDirectoryEntry(I)Lsun/font/TrueTypeFont$DirectoryEntry; @ 7
Event: 5.154 Thread 0x00000000598fb800 Uncommon trap: reason=unstable_if action=reinterpret pc=0x0000000002a3f5b4 method=sun.awt.SunToolkit.getAppContext(Ljava/lang/Object;)Lsun/awt/AppContext; @ 4
Event: 6.634 Thread 0x00000000598fb800 Uncommon trap: reason=unstable_if action=reinterpret pc=0x0000000002a76df0 method=java.lang.ref.SoftReference.get()Ljava/lang/Object; @ 17
Event: 15.350 Thread 0x00000000598fb800 Uncommon trap: reason=unstable_if action=reinterpret pc=0x00000000029fa2e0 method=java.util.zip.ZipCoder.getBytes(Ljava/lang/String;)[B @ 32
Event: 15.350 Thread 0x00000000598fb800 Uncommon trap: reason=unstable_if action=reinterpret pc=0x0000000002982980 method=java.lang.String.indexOf([CII[CIII)I @ 3
Event: 19.253 Thread 0x00000000598fb800 Uncommon trap: reason=unstable_if action=reinterpret pc=0x0000000002c29b64 method=java.awt.Container.findComponentAtImpl(IIZ)Ljava/awt/Component; @ 24
Event: 20.629 Thread 0x00000000598fb800 Uncommon trap: reason=unstable_if action=reinterpret pc=0x0000000002c3ab00 method=java.security.AccessControlContext.combine([Ljava/security/ProtectionDomain;[Ljava/security/ProtectionDomain;)[Ljava/security/ProtectionDomain; @ 162

Internal exceptions (10 events):
Event: 33.589 Thread 0x00000000608fb800 Exception <a 'java/lang/StackOverflowError'> (0x00000000d5e78218) thrown at [C:\re\workspace\8-2-build-windows-amd64-cygwin\jdk8u91\7017\hotspot\src\share\vm\runtime\javaCalls.cpp, line 386]
Event: 33.589 Thread 0x00000000608fb800 Exception <a 'java/lang/StackOverflowError'> (0x00000000d5e78280) thrown at [C:\re\workspace\8-2-build-windows-amd64-cygwin\jdk8u91\7017\hotspot\src\share\vm\runtime\javaCalls.cpp, line 386]
Event: 33.589 Thread 0x00000000608fb800 Exception <a 'java/lang/StackOverflowError'> (0x00000000d5e782a0) thrown at [C:\re\workspace\8-2-build-windows-amd64-cygwin\jdk8u91\7017\hotspot\src\share\vm\runtime\javaCalls.cpp, line 386]
Event: 33.589 Thread 0x00000000608fb800 Exception <a 'java/lang/StackOverflowError'> (0x00000000d5e782f0) thrown at [C:\re\workspace\8-2-build-windows-amd64-cygwin\jdk8u91\7017\hotspot\src\share\vm\runtime\javaCalls.cpp, line 386]
Event: 33.589 Thread 0x00000000608fb800 Exception <a 'java/lang/StackOverflowError'> (0x00000000d5e78328) thrown at [C:\re\workspace\8-2-build-windows-amd64-cygwin\jdk8u91\7017\hotspot\src\share\vm\runtime\javaCalls.cpp, line 386]
Event: 33.589 Thread 0x00000000608fb800 Exception <a 'java/lang/StackOverflowError'> (0x00000000d5e78380) thrown at [C:\re\workspace\8-2-build-windows-amd64-cygwin\jdk8u91\7017\hotspot\src\share\vm\runtime\javaCalls.cpp, line 386]
Event: 33.589 Thread 0x00000000608fb800 Exception <a 'java/lang/StackOverflowError'> (0x00000000d5e783b8) thrown at [C:\re\workspace\8-2-build-windows-amd64-cygwin\jdk8u91\7017\hotspot\src\share\vm\runtime\javaCalls.cpp, line 386]
Event: 33.589 Thread 0x00000000608fb800 Exception <a 'java/lang/StackOverflowError'> (0x00000000d5e783d8) thrown at [C:\re\workspace\8-2-build-windows-amd64-cygwin\jdk8u91\7017\hotspot\src\share\vm\runtime\javaCalls.cpp, line 386]
Event: 33.589 Thread 0x00000000608fb800 Exception <a 'java/lang/StackOverflowError'> (0x00000000d5e783f8) thrown at [C:\re\workspace\8-2-build-windows-amd64-cygwin\jdk8u91\7017\hotspot\src\share\vm\runtime\javaCalls.cpp, line 386]
Event: 33.598 Thread 0x00000000608fb800 Exception <a 'java/lang/StackOverflowError'> (0x00000000d5e783f8) thrown at [C:\re\workspace\8-2-build-windows-amd64-cygwin\jdk8u91\7017\hotspot\src\share\vm\oops\typeArrayKlass.cpp, line 118]

Events (10 events):
Event: 33.592 loading class java/awt/geom/Path2D$Double$TxIterator
Event: 33.592 loading class java/awt/geom/Path2D$Double$TxIterator done
Event: 33.592 loading class java/text/DecimalFormat$FastPathData
Event: 33.593 loading class java/text/DecimalFormat$FastPathData done
Event: 33.593 loading class java/text/DecimalFormat$DigitArrays
Event: 33.593 loading class java/text/DecimalFormat$DigitArrays done
Event: 33.594 loading class java/text/MessageFormat
Event: 33.595 loading class java/text/MessageFormat done
Event: 33.595 loading class java/text/MessageFormat$Field
Event: 33.595 loading class java/text/MessageFormat$Field done


Dynamic libraries:
0x000000013fa70000 - 0x000000013faa7000 	D:\SoftWare\javaJDK\JDK8u91\bin\java.exe
0x0000000077590000 - 0x000000007773a000 	C:\Windows\SYSTEM32\ntdll.dll
0x0000000077470000 - 0x000000007758f000 	C:\Windows\system32\kernel32.dll
0x000007fefdd40000 - 0x000007fefddaa000 	C:\Windows\system32\KERNELBASE.dll
0x000007fefe290000 - 0x000007fefe36b000 	C:\Windows\system32\ADVAPI32.dll
0x000007fefe050000 - 0x000007fefe0ef000 	C:\Windows\system32\msvcrt.dll
0x000007feff880000 - 0x000007feff89f000 	C:\Windows\SYSTEM32\sechost.dll
0x000007feff750000 - 0x000007feff87d000 	C:\Windows\system32\RPCRT4.dll
0x0000000077370000 - 0x000000007746a000 	C:\Windows\system32\USER32.dll
0x000007fefe1c0000 - 0x000007fefe227000 	C:\Windows\system32\GDI32.dll
0x000007feff100000 - 0x000007feff10e000 	C:\Windows\system32\LPK.dll
0x000007feff570000 - 0x000007feff63b000 	C:\Windows\system32\USP10.dll
0x000007fefca20000 - 0x000007fefcc14000 	C:\Windows\WinSxS\amd64_microsoft.windows.common-controls_6595b64144ccf1df_6.0.7601.18837_none_fa3b1e3d17594757\COMCTL32.dll
0x000007feff4f0000 - 0x000007feff561000 	C:\Windows\system32\SHLWAPI.dll
0x000007fefe190000 - 0x000007fefe1be000 	C:\Windows\system32\IMM32.DLL
0x000007feff640000 - 0x000007feff749000 	C:\Windows\system32\MSCTF.dll
0x000000006e070000 - 0x000000006e142000 	D:\SoftWare\javaJDK\JDK8u91\jre\bin\msvcr100.dll
0x00000000648b0000 - 0x0000000065143000 	D:\SoftWare\javaJDK\JDK8u91\jre\bin\server\jvm.dll
0x000007fee8300000 - 0x000007fee8309000 	C:\Windows\system32\WSOCK32.dll
0x000007feff3c0000 - 0x000007feff40d000 	C:\Windows\system32\WS2_32.dll
0x000007feff3b0000 - 0x000007feff3b8000 	C:\Windows\system32\NSI.dll
0x000007fefb770000 - 0x000007fefb7ab000 	C:\Windows\system32\WINMM.dll
0x000007fefd2e0000 - 0x000007fefd2ec000 	C:\Windows\system32\VERSION.dll
0x0000000077760000 - 0x0000000077767000 	C:\Windows\system32\PSAPI.DLL
0x000000006e490000 - 0x000000006e49f000 	D:\SoftWare\javaJDK\JDK8u91\jre\bin\verify.dll
0x000000006e410000 - 0x000000006e439000 	D:\SoftWare\javaJDK\JDK8u91\jre\bin\java.dll
0x000000006e1f0000 - 0x000000006e225000 	D:\SoftWare\javaJDK\JDK8u91\jre\bin\jdwp.dll
0x000000006e4b0000 - 0x000000006e4b8000 	D:\SoftWare\javaJDK\JDK8u91\jre\bin\npt.dll
0x000000006e470000 - 0x000000006e486000 	D:\SoftWare\javaJDK\JDK8u91\jre\bin\zip.dll
0x000007fefe370000 - 0x000007feff0fa000 	C:\Windows\system32\SHELL32.dll
0x000007fefde50000 - 0x000007fefe04c000 	C:\Windows\system32\ole32.dll
0x000007fefda00000 - 0x000007fefda0f000 	C:\Windows\system32\profapi.dll
0x000000006e400000 - 0x000000006e409000 	D:\SoftWare\javaJDK\JDK8u91\jre\bin\dt_socket.dll
0x000007fefd0a0000 - 0x000007fefd0f5000 	C:\Windows\system32\mswsock.dll
0x000007fefc7a0000 - 0x000007fefc7a7000 	C:\Windows\System32\wshtcpip.dll
0x000000006bf10000 - 0x000000006c0a8000 	D:\SoftWare\javaJDK\JDK8u91\jre\bin\awt.dll
0x000007feff410000 - 0x000007feff4ea000 	C:\Windows\system32\OLEAUT32.dll
0x000007fefbd40000 - 0x000007fefbd96000 	C:\Windows\system32\uxtheme.dll
0x0000000180000000 - 0x00000001800c9000 	c:\program files (x86)\kingsoft\kingsoft antivirus\kwsui64.dll
0x000007fefb880000 - 0x000007fefb898000 	C:\Windows\system32\dwmapi.dll
0x000007fefd890000 - 0x000007fefd89f000 	C:\Windows\system32\CRYPTBASE.dll
0x000007fef06c0000 - 0x000007fef08bf000 	C:\Windows\system32\d3d9.dll
0x000007fef1c50000 - 0x000007fef1c57000 	C:\Windows\system32\d3d8thk.dll
0x000007feec3f0000 - 0x000007feed41f000 	C:\Windows\system32\nvd3dumx.dll
0x000007feeff40000 - 0x000007fef010c000 	C:\Windows\system32\nvspcap64.dll
0x000007feff110000 - 0x000007feff2e7000 	C:\Windows\system32\SETUPAPI.dll
0x000007fefdc20000 - 0x000007fefdc56000 	C:\Windows\system32\CFGMGR32.dll
0x000007fefddb0000 - 0x000007fefddca000 	C:\Windows\system32\DEVOBJ.dll
0x000007fef8900000 - 0x000007fef8971000 	C:\Windows\system32\WINHTTP.dll
0x000007fef8890000 - 0x000007fef88f4000 	C:\Windows\system32\webio.dll
0x000007fefb670000 - 0x000007fefb681000 	C:\Windows\system32\WTSAPI32.dll
0x000007feee450000 - 0x000007feee7fd000 	C:\Windows\system32\nvapi64.dll
0x000007fefbe10000 - 0x000007fefbe3c000 	C:\Windows\system32\powrprof.dll
0x000007feefa10000 - 0x000007feefaf1000 	C:\Program Files (x86)\NVIDIA Corporation\3D Vision\nvSCPAPI64.dll
0x000007fefdc60000 - 0x000007fefdc9b000 	C:\Windows\system32\WINTRUST.dll
0x000007fefdab0000 - 0x000007fefdc1d000 	C:\Windows\system32\CRYPT32.dll
0x000007fefdaa0000 - 0x000007fefdaaf000 	C:\Windows\system32\MSASN1.dll
0x000000006e160000 - 0x000000006e1a7000 	D:\SoftWare\javaJDK\JDK8u91\jre\bin\fontmanager.dll
0x000000006e1d0000 - 0x000000006e1ea000 	D:\SoftWare\javaJDK\JDK8u91\jre\bin\net.dll
0x000007fefd090000 - 0x000007fefd097000 	C:\Windows\System32\wship6.dll
0x000000006e1b0000 - 0x000000006e1c1000 	D:\SoftWare\javaJDK\JDK8u91\jre\bin\nio.dll
0x000000006e020000 - 0x000000006e062000 	D:\SoftWare\javaJDK\JDK8u91\jre\bin\t2k.dll
0x000007fef2550000 - 0x000007fef257b000 	D:\SoftWare\javaJDK\JDK8u91\bin\Jpcap.dll
0x00000000024f0000 - 0x0000000002555000 	C:\Windows\system32\wpcap.dll
0x0000000002560000 - 0x000000000257f000 	C:\Windows\system32\packet.dll
0x000007fefc980000 - 0x000007fefc9a7000 	C:\Windows\system32\iphlpapi.dll
0x000007fefcce0000 - 0x000007fefcceb000 	C:\Windows\system32\WINNSI.DLL
0x000007fefc760000 - 0x000007fefc771000 	C:\Windows\system32\dhcpcsvc6.DLL
0x000007fefc710000 - 0x000007fefc728000 	C:\Windows\system32\dhcpcsvc.DLL
0x000007fefe0f0000 - 0x000007fefe189000 	C:\Windows\system32\CLBCatQ.DLL
0x000007fefb240000 - 0x000007fefb36a000 	C:\Windows\system32\WindowsCodecs.dll
0x000007fefd980000 - 0x000007fefd9d7000 	C:\Windows\system32\apphelp.dll
0x000007fef7390000 - 0x000007fef7a01000 	C:\PROGRA~1\MICROS~1\Office14\GROOVEEX.DLL
0x0000000071da0000 - 0x0000000071e43000 	C:\Windows\WinSxS\amd64_microsoft.vc90.crt_1fc8b3b9a1e18e3b_9.0.30729.6161_none_08e61857a83bc251\MSVCR90.dll
0x0000000071cc0000 - 0x0000000071d93000 	C:\Windows\WinSxS\amd64_microsoft.vc90.crt_1fc8b3b9a1e18e3b_9.0.30729.6161_none_08e61857a83bc251\MSVCP90.dll
0x0000000071c90000 - 0x0000000071cbf000 	C:\Windows\WinSxS\amd64_microsoft.vc90.atl_1fc8b3b9a1e18e3b_9.0.30729.6161_none_0a1fd3a3a768b895\ATL90.DLL
0x000007fef6f80000 - 0x000007fef738f000 	C:\PROGRA~1\COMMON~1\MICROS~1\OFFICE14\Cultures\office.odf
0x000007fef6770000 - 0x000007fef6f7f000 	C:\PROGRA~1\MICROS~1\Office14\2052\GrooveIntlResource.dll
0x000000006dff0000 - 0x000000006e01a000 	D:\SoftWare\javaJDK\JDK8u91\jre\bin\dcpr.dll
0x000007fef14f0000 - 0x000007fef1615000 	C:\Windows\system32\dbghelp.dll

VM Arguments:
jvm_args: -agentlib:jdwp=transport=dt_socket,address=127.0.0.1:8228,suspend=y,server=n -Dfile.encoding=UTF-8 
java_command: cn.seu.edu.LANComm.ui.MainFrame
java_class_path (initial): D:\SoftWare\javaJDK\JDK8u91\jre\lib\charsets.jar;D:\SoftWare\javaJDK\JDK8u91\jre\lib\deploy.jar;D:\SoftWare\javaJDK\JDK8u91\jre\lib\ext\access-bridge-64.jar;D:\SoftWare\javaJDK\JDK8u91\jre\lib\ext\cldrdata.jar;D:\SoftWare\javaJDK\JDK8u91\jre\lib\ext\dnsns.jar;D:\SoftWare\javaJDK\JDK8u91\jre\lib\ext\jaccess.jar;D:\SoftWare\javaJDK\JDK8u91\jre\lib\ext\jfxrt.jar;D:\SoftWare\javaJDK\JDK8u91\jre\lib\ext\localedata.jar;D:\SoftWare\javaJDK\JDK8u91\jre\lib\ext\nashorn.jar;D:\SoftWare\javaJDK\JDK8u91\jre\lib\ext\sunec.jar;D:\SoftWare\javaJDK\JDK8u91\jre\lib\ext\sunjce_provider.jar;D:\SoftWare\javaJDK\JDK8u91\jre\lib\ext\sunmscapi.jar;D:\SoftWare\javaJDK\JDK8u91\jre\lib\ext\sunpkcs11.jar;D:\SoftWare\javaJDK\JDK8u91\jre\lib\ext\zipfs.jar;D:\SoftWare\javaJDK\JDK8u91\jre\lib\javaws.jar;D:\SoftWare\javaJDK\JDK8u91\jre\lib\jce.jar;D:\SoftWare\javaJDK\JDK8u91\jre\lib\jfr.jar;D:\SoftWare\javaJDK\JDK8u91\jre\lib\jfxswt.jar;D:\SoftWare\javaJDK\JDK8u91\jre\lib\jsse.jar;D:\SoftWare\javaJDK\JDK8u91\jre\lib\management-agent.jar;D:\SoftWare\javaJDK\JDK8u91\jre\lib\plugin.jar;D:\SoftWare\javaJDK\JDK8u91\jre\lib\resources.jar;D:\SoftWare\javaJDK\JDK8u91\jre\lib\rt.jar;F:\seuLANComm\target\classes;C:\Users\Administrator\.m2\repository\jfree\jfreechart\1.0.13\jfreechart-1.0.13.jar;C:\Users\Administrator\.m2\repository\jfree\jcommon\1.0.16\jcommon-1.0.16.jar;C:\Users\Administrator\.m2\repository\log4j\log4j\1.2.17\log4j-1.2.17.jar;F:\seuLANCommZL\jpcap.jar;F:\UART\jfreechart-1.0.13\jfreechart-1.0.13\jfreechart-1.0.13-demo.jar;D:\SoftWare\IntelliJ IDEA\IntelliJ IDEA 2017.1.2\lib\idea_rt.jar
Launcher Type: SUN_STANDARD

Environment Variables:
JAVA_HOME=D:\SoftWare\javaJDK\JDK8u91
CLASSPATH=.;D:\SoftWare\javaJDK\JDK8u91\lib;D:\SoftWare\javaJDK\JDK8u91\lib\tools.jar;D:\SoftWare\Tomcat\apache-tomcat-6.0.45\lib\servlet-api.jar
PATH=D:\SoftWare\Oracle11gdatabase\product\11.2.0\dbhome_1\bin;C:\ProgramData\Oracle\Java\javapath;C:\Windows\system32;C:\Windows;C:\Windows\System32\Wbem;C:\Windows\System32\WindowsPowerShell\v1.0\;D:\SoftWare\Matlab\runtime\win64;D:\SoftWare\Matlab\bin;D:\SoftWare\Matlab\polyspace\bin;C:\Program Files (x86)\Windows Kits\8.1\Windows Performance Toolkit\;C:\Program Files (x86)\Microsoft SDKs\TypeScript\1.0\;D:\SoftWare\javaJDK\JDK8u91\bin;D:\SoftWare\javaJDK\JDK8u91\jre\bin;C:\Program Files (x86)\Microsoft SQL Server\100\Tools\Binn\;C:\Program Files\Microsoft SQL Server\100\Tools\Binn\;C:\Program Files\Microsoft SQL Server\100\DTS\Binn\;C:\Program Files (x86)\Microsoft SQL Server\100\Tools\Binn\VSShell\Common7\IDE\;C:\Program Files (x86)\Microsoft SQL Server\100\DTS\Binn\;C:\Program Files (x86)\Microsoft Visual Studio 9.0\Common7\IDE\PrivateAssemblies\;C:\Program Files (x86)\NVIDIA Corporation\PhysX\Common;D:\SoftWare\msysgit\Git\cmd;C:\Program Files\MySQL\MySQL Utilities 1.6\;D:\SoftWare\ThirdPart4Java\Maven350\apache-maven-3.5.0\bin;D:\SoftWare\CMake\bin;C:\server;D:\SoftWare\Python35\Scripts\;D:\SoftWare\Python35\;D:\SoftWare\VSCode\Microsoft VS Code\bin;D:\SoftWare\Modelsim\win64;D:\SoftWare\ThirdPart4Java\Maven350\apache-maven-3.5.0\bin
USERNAME=Administrator
OS=Windows_NT
PROCESSOR_IDENTIFIER=Intel64 Family 6 Model 60 Stepping 3, GenuineIntel



---------------  S Y S T E M  ---------------

OS: Windows 7 , 64 bit Build 7601 (6.1.7601.23915)

CPU:total 4 (4 cores per cpu, 1 threads per core) family 6 model 60 stepping 3, cmov, cx8, fxsr, mmx, sse, sse2, sse3, ssse3, sse4.1, sse4.2, popcnt, avx, avx2, aes, clmul, erms, lzcnt, tsc, tscinvbit, bmi1, bmi2

Memory: 4k page, physical 8334220k(1088492k free), swap 16666580k(8487296k free)

vm_info: Java HotSpot(TM) 64-Bit Server VM (25.91-b15) for windows-amd64 JRE (1.8.0_91-b15), built on May 20 2016 17:43:15 by "java_re" with MS VC++ 10.0 (VS2010)

time: Sun Mar 18 20:02:40 2018
elapsed time: 33 seconds (0d 0h 0m 33s)

