#
# A fatal error has been detected by the Java Runtime Environment:
#
#  Internal Error (safepoint.cpp:712), pid=23008, tid=17380
#  fatal error: Illegal threadstate encountered: 4
#
# JRE version: Java(TM) SE Runtime Environment (8.0_91-b15) (build 1.8.0_91-b15)
# Java VM: Java HotSpot(TM) 64-Bit Server VM (25.91-b15 mixed mode windows-amd64 compressed oops)
# Failed to write core dump. Minidumps are not enabled by default on client versions of Windows
#
# If you would like to submit a bug report, please visit:
#   http://bugreport.java.com/bugreport/crash.jsp
# The crash happened outside the Java Virtual Machine in native code.
# See problematic frame for where to report the bug.
#

---------------  T H R E A D  ---------------

Current thread (0x00000000603ec000):  JavaThread "Thread-13" [_thread_in_native, id=17380, stack(0x0000000062060000,0x0000000062160000)]

Stack: [0x0000000062060000,0x0000000062160000]
[error occurred during error reporting (printing stack bounds), id 0xc0000005]

Native frames: (J=compiled Java code, j=interpreted, Vv=VM code, C=native code)

Java frames: (J=compiled Java code, j=interpreted, Vv=VM code)
j  jpcap.JpcapCaptor.loopPacket(ILjpcap/PacketReceiver;)I+0
j  cn.seu.edu.LANComm.communication.receiver.DataReceiver.run()V+37
j  java.lang.Thread.run()V+11
v  ~StubRoutines::call_stub

---------------  P R O C E S S  ---------------

Java Threads: ( => current thread )
  0x000000005e4b5800 JavaThread "Thread-15" [_thread_blocked, id=19452, stack(0x00000000623a0000,0x00000000624a0000)]
  0x00000000603ed000 JavaThread "Thread-14" [_thread_blocked, id=23316, stack(0x00000000621e0000,0x00000000622e0000)]
=>0x00000000603ec000 JavaThread "Thread-13" [_thread_in_native, id=17380, stack(0x0000000062060000,0x0000000062160000)]
  0x00000000603ea800 JavaThread "Thread-12" [_thread_blocked, id=22376, stack(0x0000000061e60000,0x0000000061f60000)]
  0x00000000603eb800 JavaThread "Thread-11" [_thread_blocked, id=21096, stack(0x0000000061280000,0x0000000061380000)]
  0x00000000603e8800 JavaThread "Thread-9" [_thread_blocked, id=22040, stack(0x0000000061130000,0x0000000061230000)]
  0x00000000603e9000 JavaThread "Thread-8" [_thread_blocked, id=23380, stack(0x0000000061020000,0x0000000061120000)]
  0x00000000603ea000 JavaThread "Thread-7" [_thread_in_Java, id=22964, stack(0x000000005fc20000,0x000000005fd20000)]
  0x00000000603e7000 JavaThread "Thread-4" [_thread_blocked, id=22604, stack(0x000000005d4d0000,0x000000005d5d0000)]
  0x00000000603e7800 JavaThread "Thread-3" [_thread_blocked, id=20916, stack(0x000000005d2e0000,0x000000005d3e0000)]
  0x00000000603e6000 JavaThread "D3D Screen Updater" daemon [_thread_blocked, id=22784, stack(0x000000005c780000,0x000000005c880000)]
  0x0000000059c36800 JavaThread "TimerQueue" daemon [_thread_blocked, id=23548, stack(0x000000005d9e0000,0x000000005dae0000)]
  0x0000000002179000 JavaThread "DestroyJavaVM" [_thread_blocked, id=23504, stack(0x0000000002350000,0x0000000002450000)]
  0x0000000059b42800 JavaThread "AWT-EventQueue-0" [_thread_blocked, id=20132, stack(0x000000005a900000,0x000000005aa00000)]
  0x0000000059b3e800 JavaThread "AWT-Windows" daemon [_thread_in_native, id=23356, stack(0x000000005a570000,0x000000005a670000)]
  0x0000000059b3d000 JavaThread "AWT-Shutdown" [_thread_blocked, id=21532, stack(0x000000005a380000,0x000000005a480000)]
  0x0000000059b39800 JavaThread "Java2D Disposer" daemon [_thread_blocked, id=22640, stack(0x0000000058cf0000,0x0000000058df0000)]
  0x00000000586df800 JavaThread "Service Thread" daemon [_thread_blocked, id=22192, stack(0x00000000597c0000,0x00000000598c0000)]
  0x0000000058670000 JavaThread "C1 CompilerThread2" daemon [_thread_blocked, id=19796, stack(0x00000000595f0000,0x00000000596f0000)]
  0x0000000058664800 JavaThread "C2 CompilerThread1" daemon [_thread_blocked, id=21700, stack(0x0000000059430000,0x0000000059530000)]
  0x000000005866e800 JavaThread "C2 CompilerThread0" daemon [_thread_blocked, id=22904, stack(0x0000000059300000,0x0000000059400000)]
  0x0000000058658000 JavaThread "JDWP Command Reader" daemon [_thread_in_native, id=22900, stack(0x0000000059170000,0x0000000059270000)]
  0x0000000058651000 JavaThread "JDWP Event Helper Thread" daemon [_thread_in_native, id=21644, stack(0x0000000058f80000,0x0000000059080000)]
  0x000000005864b000 JavaThread "JDWP Transport Listener: dt_socket" daemon [_thread_blocked, id=17904, stack(0x0000000058e00000,0x0000000058f00000)]
  0x0000000058628800 JavaThread "Attach Listener" daemon [_thread_blocked, id=22284, stack(0x0000000058ae0000,0x0000000058be0000)]
  0x00000000571bf000 JavaThread "Signal Dispatcher" daemon [_thread_blocked, id=23180, stack(0x0000000058240000,0x0000000058340000)]
  0x000000005719a800 JavaThread "Finalizer" daemon [_thread_blocked, id=22576, stack(0x0000000058520000,0x0000000058620000)]
  0x0000000057153800 JavaThread "Reference Handler" daemon [_thread_blocked, id=22464, stack(0x00000000583d0000,0x00000000584d0000)]

Other Threads:
  0x000000005714c000 VMThread [stack: 0x00000000580e0000,0x00000000581e0000] [id=23412]
  0x0000000058709000 WatcherThread [stack: 0x0000000059900000,0x0000000059a00000] [id=22140]

VM state:not at safepoint (normal execution)

VM Mutex/Monitor currently owned by a thread: None

Heap:
 PSYoungGen      total 38400K, used 12808K [0x00000000d5980000, 0x00000000d8400000, 0x0000000100000000)
  eden space 33280K, 23% used [0x00000000d5980000,0x00000000d6103090,0x00000000d7a00000)
  from space 5120K, 99% used [0x00000000d7a00000,0x00000000d7eff0e0,0x00000000d7f00000)
  to   space 5120K, 0% used [0x00000000d7f00000,0x00000000d7f00000,0x00000000d8400000)
 ParOldGen       total 87552K, used 2078K [0x0000000080c00000, 0x0000000086180000, 0x00000000d5980000)
  object space 87552K, 2% used [0x0000000080c00000,0x0000000080e07ae0,0x0000000086180000)
 Metaspace       used 16070K, capacity 16374K, committed 16768K, reserved 1064960K
  class space    used 1945K, capacity 2071K, committed 2176K, reserved 1048576K

Card table byte_map: [0x0000000011810000,0x0000000011c10000] byte_map_base: 0x000000001140a000

Marking Bits: (ParMarkBitMap*) 0x0000000061c32f70
 Begin Bits: [0x0000000012420000, 0x00000000143f0000)
 End Bits:   [0x00000000143f0000, 0x00000000163c0000)

Polling page: 0x0000000000110000

CodeCache: size=245760Kb used=5817Kb max_used=5817Kb free=239942Kb
 bounds [0x0000000002450000, 0x0000000002a10000, 0x0000000011450000]
 total_blobs=2326 nmethods=1757 adapters=489
 compilation: enabled

Compilation events (10 events):
Event: 20.994 Thread 0x0000000058670000 nmethod 1764 0x00000000029fa210 code [0x00000000029fa460, 0x00000000029fb1d8]
Event: 21.012 Thread 0x0000000058670000 1765       3       java.util.Date::<init> (10 bytes)
Event: 21.013 Thread 0x0000000058670000 nmethod 1765 0x00000000029f9e50 code [0x00000000029f9fa0, 0x00000000029fa150]
Event: 26.173 Thread 0x0000000058670000 1766       3       java.lang.String::indexOf (166 bytes)
Event: 26.173 Thread 0x0000000058670000 nmethod 1766 0x0000000002a00510 code [0x0000000002a006c0, 0x0000000002a00d10]
Event: 26.174 Thread 0x0000000058670000 1767       3       sun.misc.URLClassPath$JarLoader$2::getCodeSourceURL (8 bytes)
Event: 26.174 Thread 0x0000000058670000 nmethod 1767 0x00000000029f9a10 code [0x00000000029f9b60, 0x00000000029f9cd0]
Event: 26.174 Thread 0x0000000058670000 1768       3       sun.misc.URLClassPath$JarLoader$2::getManifest (11 bytes)
Event: 26.174 Thread 0x0000000058670000 nmethod 1768 0x0000000002a01110 code [0x0000000002a01280, 0x0000000002a014a8]
Event: 26.203 Thread 0x0000000058670000 1769       3       java.util.RegularEnumSet$EnumSetIterator::hasNext (15 bytes)

GC Heap History (2 events):
Event: 7.191 GC heap before
{Heap before GC invocations=1 (full 0):
 PSYoungGen      total 38400K, used 33280K [0x00000000d5980000, 0x00000000d8400000, 0x0000000100000000)
  eden space 33280K, 100% used [0x00000000d5980000,0x00000000d7a00000,0x00000000d7a00000)
  from space 5120K, 0% used [0x00000000d7f00000,0x00000000d7f00000,0x00000000d8400000)
  to   space 5120K, 0% used [0x00000000d7a00000,0x00000000d7a00000,0x00000000d7f00000)
 ParOldGen       total 87552K, used 0K [0x0000000080c00000, 0x0000000086180000, 0x00000000d5980000)
  object space 87552K, 0% used [0x0000000080c00000,0x0000000080c00000,0x0000000086180000)
 Metaspace       used 15560K, capacity 15862K, committed 16128K, reserved 1062912K
  class space    used 1923K, capacity 2007K, committed 2048K, reserved 1048576K
Event: 7.197 GC heap after
Heap after GC invocations=1 (full 0):
 PSYoungGen      total 38400K, used 5116K [0x00000000d5980000, 0x00000000d8400000, 0x0000000100000000)
  eden space 33280K, 0% used [0x00000000d5980000,0x00000000d5980000,0x00000000d7a00000)
  from space 5120K, 99% used [0x00000000d7a00000,0x00000000d7eff0e0,0x00000000d7f00000)
  to   space 5120K, 0% used [0x00000000d7f00000,0x00000000d7f00000,0x00000000d8400000)
 ParOldGen       total 87552K, used 2078K [0x0000000080c00000, 0x0000000086180000, 0x00000000d5980000)
  object space 87552K, 2% used [0x0000000080c00000,0x0000000080e07ae0,0x0000000086180000)
 Metaspace       used 15560K, capacity 15862K, committed 16128K, reserved 1062912K
  class space    used 1923K, capacity 2007K, committed 2048K, reserved 1048576K
}

Deoptimization events (10 events):
Event: 4.557 Thread 0x0000000059b3e800 Uncommon trap: reason=class_check action=maybe_recompile pc=0x00000000026f73b0 method=java.util.HashMap.putVal(ILjava/lang/Object;Ljava/lang/Object;ZZ)Ljava/lang/Object; @ 203
Event: 4.557 Thread 0x0000000059b3e800 Uncommon trap: reason=class_check action=maybe_recompile pc=0x00000000026f73b0 method=java.util.HashMap.putVal(ILjava/lang/Object;Ljava/lang/Object;ZZ)Ljava/lang/Object; @ 203
Event: 4.557 Thread 0x0000000059b3e800 Uncommon trap: reason=class_check action=maybe_recompile pc=0x00000000026ec6e8 method=java.util.HashMap.putVal(ILjava/lang/Object;Ljava/lang/Object;ZZ)Ljava/lang/Object; @ 91
Event: 4.679 Thread 0x0000000059b42800 Uncommon trap: reason=unstable_if action=reinterpret pc=0x00000000026c6484 method=java.lang.ThreadLocal$ThreadLocalMap.getEntry(Ljava/lang/ThreadLocal;)Ljava/lang/ThreadLocal$ThreadLocalMap$Entry; @ 21
Event: 4.940 Thread 0x0000000059b42800 Uncommon trap: reason=unstable_if action=reinterpret pc=0x00000000027f63f0 method=org.jfree.chart.axis.TickUnit.compareTo(Ljava/lang/Object;)I @ 35
Event: 4.993 Thread 0x0000000059b42800 Uncommon trap: reason=unstable_if action=reinterpret pc=0x00000000026c4ac8 method=sun.font.TrueTypeFont.getDirectoryEntry(I)Lsun/font/TrueTypeFont$DirectoryEntry; @ 7
Event: 5.011 Thread 0x0000000059b42800 Uncommon trap: reason=unstable_if action=reinterpret pc=0x000000000281ccf4 method=sun.awt.SunToolkit.getAppContext(Ljava/lang/Object;)Lsun/awt/AppContext; @ 4
Event: 7.202 Thread 0x0000000059b42800 Uncommon trap: reason=unstable_if action=reinterpret pc=0x0000000002837ab0 method=java.lang.ref.SoftReference.get()Ljava/lang/Object; @ 17
Event: 16.260 Thread 0x0000000059b42800 Uncommon trap: reason=unstable_if action=reinterpret pc=0x00000000027c8e58 method=java.util.zip.ZipCoder.getBytes(Ljava/lang/String;)[B @ 32
Event: 16.260 Thread 0x0000000059b42800 Uncommon trap: reason=unstable_if action=reinterpret pc=0x0000000002753080 method=java.lang.String.indexOf([CII[CIII)I @ 3

Internal exceptions (10 events):
Event: 26.174 Thread 0x00000000603ed000 Exception <a 'java/lang/StackOverflowError'> (0x00000000d5e0c6c8) thrown at [C:\re\workspace\8-2-build-windows-amd64-cygwin\jdk8u91\7017\hotspot\src\share\vm\runtime\javaCalls.cpp, line 386]
Event: 26.174 Thread 0x00000000603ed000 Exception <a 'java/lang/StackOverflowError'> (0x00000000d5e0c6e8) thrown at [C:\re\workspace\8-2-build-windows-amd64-cygwin\jdk8u91\7017\hotspot\src\share\vm\runtime\javaCalls.cpp, line 386]
Event: 26.174 Thread 0x00000000603ed000 Exception <a 'java/lang/StackOverflowError'> (0x00000000d5e0c728) thrown at [C:\re\workspace\8-2-build-windows-amd64-cygwin\jdk8u91\7017\hotspot\src\share\vm\runtime\javaCalls.cpp, line 386]
Event: 26.174 Thread 0x00000000603ed000 Exception <a 'java/lang/StackOverflowError'> (0x00000000d5e0c800) thrown at [C:\re\workspace\8-2-build-windows-amd64-cygwin\jdk8u91\7017\hotspot\src\share\vm\runtime\javaCalls.cpp, line 386]
Event: 26.174 Thread 0x00000000603ed000 Exception <a 'java/lang/StackOverflowError'> (0x00000000d5e0c820) thrown at [C:\re\workspace\8-2-build-windows-amd64-cygwin\jdk8u91\7017\hotspot\src\share\vm\runtime\javaCalls.cpp, line 386]
Event: 26.174 Thread 0x00000000603ed000 Exception <a 'java/lang/StackOverflowError'> (0x00000000d5e0c840) thrown at [C:\re\workspace\8-2-build-windows-amd64-cygwin\jdk8u91\7017\hotspot\src\share\vm\runtime\javaCalls.cpp, line 386]
Event: 26.174 Thread 0x00000000603ed000 Exception <a 'java/lang/StackOverflowError'> (0x00000000d5e0c890) thrown at [C:\re\workspace\8-2-build-windows-amd64-cygwin\jdk8u91\7017\hotspot\src\share\vm\runtime\javaCalls.cpp, line 386]
Event: 26.174 Thread 0x00000000603ed000 Exception <a 'java/lang/StackOverflowError'> (0x00000000d5e0c8f8) thrown at [C:\re\workspace\8-2-build-windows-amd64-cygwin\jdk8u91\7017\hotspot\src\share\vm\runtime\javaCalls.cpp, line 386]
Event: 26.174 Thread 0x00000000603ed000 Exception <a 'java/lang/StackOverflowError'> (0x00000000d5e0c918) thrown at [C:\re\workspace\8-2-build-windows-amd64-cygwin\jdk8u91\7017\hotspot\src\share\vm\runtime\javaCalls.cpp, line 386]
Event: 26.201 Thread 0x00000000603ed000 Exception <a 'java/lang/StackOverflowError'> (0x00000000d5e0c958) thrown at [C:\re\workspace\8-2-build-windows-amd64-cygwin\jdk8u91\7017\hotspot\src\share\vm\runtime\javaCalls.cpp, line 386]

Events (10 events):
Event: 26.201 Executing VM operation: ForceSafepoint done
Event: 26.203 Executing VM operation: RevokeBias
Event: 26.203 Executing VM operation: RevokeBias done
Event: 26.203 Executing VM operation: RevokeBias
Event: 26.203 Executing VM operation: RevokeBias done
Event: 26.203 loading class java/lang/NumberFormatException
Event: 26.203 loading class java/lang/NumberFormatException done
Event: 26.203 Executing VM operation: RevokeBias
Event: 26.203 Executing VM operation: RevokeBias done
Event: 26.203 Executing VM operation: RevokeBias


Dynamic libraries:
0x000000013f380000 - 0x000000013f3b7000 	D:\SoftWare\javaJDK\JDK8u91\bin\java.exe
0x0000000077590000 - 0x000000007773a000 	C:\Windows\SYSTEM32\ntdll.dll
0x0000000077470000 - 0x000000007758f000 	C:\Windows\system32\kernel32.dll
0x000007fefdd40000 - 0x000007fefddaa000 	C:\Windows\system32\KERNELBASE.dll
0x000007fefe290000 - 0x000007fefe36b000 	C:\Windows\system32\ADVAPI32.dll
0x000007fefe050000 - 0x000007fefe0ef000 	C:\Windows\system32\msvcrt.dll
0x000007feff880000 - 0x000007feff89f000 	C:\Windows\SYSTEM32\sechost.dll
0x000007feff750000 - 0x000007feff87d000 	C:\Windows\system32\RPCRT4.dll
0x0000000077370000 - 0x000000007746a000 	C:\Windows\system32\USER32.dll
0x000007fefe1c0000 - 0x000007fefe227000 	C:\Windows\system32\GDI32.dll
0x000007feff100000 - 0x000007feff10e000 	C:\Windows\system32\LPK.dll
0x000007feff570000 - 0x000007feff63b000 	C:\Windows\system32\USP10.dll
0x000007fefca20000 - 0x000007fefcc14000 	C:\Windows\WinSxS\amd64_microsoft.windows.common-controls_6595b64144ccf1df_6.0.7601.18837_none_fa3b1e3d17594757\COMCTL32.dll
0x000007feff4f0000 - 0x000007feff561000 	C:\Windows\system32\SHLWAPI.dll
0x000007fefe190000 - 0x000007fefe1be000 	C:\Windows\system32\IMM32.DLL
0x000007feff640000 - 0x000007feff749000 	C:\Windows\system32\MSCTF.dll
0x000000006e150000 - 0x000000006e222000 	D:\SoftWare\javaJDK\JDK8u91\jre\bin\msvcr100.dll
0x0000000061420000 - 0x0000000061cb3000 	D:\SoftWare\javaJDK\JDK8u91\jre\bin\server\jvm.dll
0x000007fee8300000 - 0x000007fee8309000 	C:\Windows\system32\WSOCK32.dll
0x000007feff3c0000 - 0x000007feff40d000 	C:\Windows\system32\WS2_32.dll
0x000007feff3b0000 - 0x000007feff3b8000 	C:\Windows\system32\NSI.dll
0x000007fefb770000 - 0x000007fefb7ab000 	C:\Windows\system32\WINMM.dll
0x000007fefd2e0000 - 0x000007fefd2ec000 	C:\Windows\system32\VERSION.dll
0x0000000077760000 - 0x0000000077767000 	C:\Windows\system32\PSAPI.DLL
0x000000006e4b0000 - 0x000000006e4bf000 	D:\SoftWare\javaJDK\JDK8u91\jre\bin\verify.dll
0x000000006e470000 - 0x000000006e499000 	D:\SoftWare\javaJDK\JDK8u91\jre\bin\java.dll
0x000000006e110000 - 0x000000006e145000 	D:\SoftWare\javaJDK\JDK8u91\jre\bin\jdwp.dll
0x000000006e410000 - 0x000000006e418000 	D:\SoftWare\javaJDK\JDK8u91\jre\bin\npt.dll
0x000000006e420000 - 0x000000006e436000 	D:\SoftWare\javaJDK\JDK8u91\jre\bin\zip.dll
0x000007fefe370000 - 0x000007feff0fa000 	C:\Windows\system32\SHELL32.dll
0x000007fefde50000 - 0x000007fefe04c000 	C:\Windows\system32\ole32.dll
0x000007fefda00000 - 0x000007fefda0f000 	C:\Windows\system32\profapi.dll
0x000000006e100000 - 0x000000006e109000 	D:\SoftWare\javaJDK\JDK8u91\jre\bin\dt_socket.dll
0x000007fefd0a0000 - 0x000007fefd0f5000 	C:\Windows\system32\mswsock.dll
0x000007fefc7a0000 - 0x000007fefc7a7000 	C:\Windows\System32\wshtcpip.dll
0x000000006df60000 - 0x000000006e0f8000 	D:\SoftWare\javaJDK\JDK8u91\jre\bin\awt.dll
0x000007feff410000 - 0x000007feff4ea000 	C:\Windows\system32\OLEAUT32.dll
0x000007fefbd40000 - 0x000007fefbd96000 	C:\Windows\system32\uxtheme.dll
0x0000000180000000 - 0x00000001800c9000 	c:\program files (x86)\kingsoft\kingsoft antivirus\kwsui64.dll
0x000007fefb880000 - 0x000007fefb898000 	C:\Windows\system32\dwmapi.dll
0x000007fefd890000 - 0x000007fefd89f000 	C:\Windows\system32\CRYPTBASE.dll
0x000007fef06c0000 - 0x000007fef08bf000 	C:\Windows\system32\d3d9.dll
0x000007fef1c50000 - 0x000007fef1c57000 	C:\Windows\system32\d3d8thk.dll
0x000007feec3f0000 - 0x000007feed41f000 	C:\Windows\system32\nvd3dumx.dll
0x000007feeff40000 - 0x000007fef010c000 	C:\Windows\system32\nvspcap64.dll
0x000007feff110000 - 0x000007feff2e7000 	C:\Windows\system32\SETUPAPI.dll
0x000007fefdc20000 - 0x000007fefdc56000 	C:\Windows\system32\CFGMGR32.dll
0x000007fefddb0000 - 0x000007fefddca000 	C:\Windows\system32\DEVOBJ.dll
0x000007fef8900000 - 0x000007fef8971000 	C:\Windows\system32\WINHTTP.dll
0x000007fef8890000 - 0x000007fef88f4000 	C:\Windows\system32\webio.dll
0x000007fefb670000 - 0x000007fefb681000 	C:\Windows\system32\WTSAPI32.dll
0x000007feee450000 - 0x000007feee7fd000 	C:\Windows\system32\nvapi64.dll
0x000007fefbe10000 - 0x000007fefbe3c000 	C:\Windows\system32\powrprof.dll
0x000007feefa10000 - 0x000007feefaf1000 	C:\Program Files (x86)\NVIDIA Corporation\3D Vision\nvSCPAPI64.dll
0x000007fefdc60000 - 0x000007fefdc9b000 	C:\Windows\system32\WINTRUST.dll
0x000007fefdab0000 - 0x000007fefdc1d000 	C:\Windows\system32\CRYPT32.dll
0x000007fefdaa0000 - 0x000007fefdaaf000 	C:\Windows\system32\MSASN1.dll
0x000000006db50000 - 0x000000006db97000 	D:\SoftWare\javaJDK\JDK8u91\jre\bin\fontmanager.dll
0x000000006df40000 - 0x000000006df5a000 	D:\SoftWare\javaJDK\JDK8u91\jre\bin\net.dll
0x000007fefd090000 - 0x000007fefd097000 	C:\Windows\System32\wship6.dll
0x000000006dba0000 - 0x000000006dbb1000 	D:\SoftWare\javaJDK\JDK8u91\jre\bin\nio.dll
0x000000006d440000 - 0x000000006d482000 	D:\SoftWare\javaJDK\JDK8u91\jre\bin\t2k.dll
0x000007fef25d0000 - 0x000007fef25fb000 	D:\SoftWare\javaJDK\JDK8u91\bin\Jpcap.dll
0x0000000012130000 - 0x0000000012195000 	C:\Windows\system32\wpcap.dll
0x00000000122b0000 - 0x00000000122cf000 	C:\Windows\system32\packet.dll
0x000007fefc980000 - 0x000007fefc9a7000 	C:\Windows\system32\iphlpapi.dll
0x000007fefcce0000 - 0x000007fefcceb000 	C:\Windows\system32\WINNSI.DLL
0x000007fefc760000 - 0x000007fefc771000 	C:\Windows\system32\dhcpcsvc6.DLL
0x000007fefc710000 - 0x000007fefc728000 	C:\Windows\system32\dhcpcsvc.DLL
0x000007fefe0f0000 - 0x000007fefe189000 	C:\Windows\system32\CLBCatQ.DLL
0x000007fefb240000 - 0x000007fefb36a000 	C:\Windows\system32\WindowsCodecs.dll
0x000007fefd980000 - 0x000007fefd9d7000 	C:\Windows\system32\apphelp.dll
0x000007fef7390000 - 0x000007fef7a01000 	C:\PROGRA~1\MICROS~1\Office14\GROOVEEX.DLL
0x0000000071da0000 - 0x0000000071e43000 	C:\Windows\WinSxS\amd64_microsoft.vc90.crt_1fc8b3b9a1e18e3b_9.0.30729.6161_none_08e61857a83bc251\MSVCR90.dll
0x0000000071cc0000 - 0x0000000071d93000 	C:\Windows\WinSxS\amd64_microsoft.vc90.crt_1fc8b3b9a1e18e3b_9.0.30729.6161_none_08e61857a83bc251\MSVCP90.dll
0x0000000071c90000 - 0x0000000071cbf000 	C:\Windows\WinSxS\amd64_microsoft.vc90.atl_1fc8b3b9a1e18e3b_9.0.30729.6161_none_0a1fd3a3a768b895\ATL90.DLL
0x000007fef6f80000 - 0x000007fef738f000 	C:\PROGRA~1\COMMON~1\MICROS~1\OFFICE14\Cultures\office.odf
0x000007fef6770000 - 0x000007fef6f7f000 	C:\PROGRA~1\MICROS~1\Office14\2052\GrooveIntlResource.dll
0x000000006db20000 - 0x000000006db4a000 	D:\SoftWare\javaJDK\JDK8u91\jre\bin\dcpr.dll

VM Arguments:
jvm_args: -agentlib:jdwp=transport=dt_socket,address=127.0.0.1:8241,suspend=y,server=n -Dfile.encoding=UTF-8 
java_command: cn.seu.edu.LANComm.ui.MainFrame
java_class_path (initial): D:\SoftWare\javaJDK\JDK8u91\jre\lib\charsets.jar;D:\SoftWare\javaJDK\JDK8u91\jre\lib\deploy.jar;D:\SoftWare\javaJDK\JDK8u91\jre\lib\ext\access-bridge-64.jar;D:\SoftWare\javaJDK\JDK8u91\jre\lib\ext\cldrdata.jar;D:\SoftWare\javaJDK\JDK8u91\jre\lib\ext\dnsns.jar;D:\SoftWare\javaJDK\JDK8u91\jre\lib\ext\jaccess.jar;D:\SoftWare\javaJDK\JDK8u91\jre\lib\ext\jfxrt.jar;D:\SoftWare\javaJDK\JDK8u91\jre\lib\ext\localedata.jar;D:\SoftWare\javaJDK\JDK8u91\jre\lib\ext\nashorn.jar;D:\SoftWare\javaJDK\JDK8u91\jre\lib\ext\sunec.jar;D:\SoftWare\javaJDK\JDK8u91\jre\lib\ext\sunjce_provider.jar;D:\SoftWare\javaJDK\JDK8u91\jre\lib\ext\sunmscapi.jar;D:\SoftWare\javaJDK\JDK8u91\jre\lib\ext\sunpkcs11.jar;D:\SoftWare\javaJDK\JDK8u91\jre\lib\ext\zipfs.jar;D:\SoftWare\javaJDK\JDK8u91\jre\lib\javaws.jar;D:\SoftWare\javaJDK\JDK8u91\jre\lib\jce.jar;D:\SoftWare\javaJDK\JDK8u91\jre\lib\jfr.jar;D:\SoftWare\javaJDK\JDK8u91\jre\lib\jfxswt.jar;D:\SoftWare\javaJDK\JDK8u91\jre\lib\jsse.jar;D:\SoftWare\javaJDK\JDK8u91\jre\lib\management-agent.jar;D:\SoftWare\javaJDK\JDK8u91\jre\lib\plugin.jar;D:\SoftWare\javaJDK\JDK8u91\jre\lib\resources.jar;D:\SoftWare\javaJDK\JDK8u91\jre\lib\rt.jar;F:\seuLANComm\target\classes;C:\Users\Administrator\.m2\repository\jfree\jfreechart\1.0.13\jfreechart-1.0.13.jar;C:\Users\Administrator\.m2\repository\jfree\jcommon\1.0.16\jcommon-1.0.16.jar;C:\Users\Administrator\.m2\repository\log4j\log4j\1.2.17\log4j-1.2.17.jar;F:\seuLANCommZL\jpcap.jar;F:\UART\jfreechart-1.0.13\jfreechart-1.0.13\jfreechart-1.0.13-demo.jar;D:\SoftWare\IntelliJ IDEA\IntelliJ IDEA 2017.1.2\lib\idea_rt.jar
Launcher Type: SUN_STANDARD

Environment Variables:
JAVA_HOME=D:\SoftWare\javaJDK\JDK8u91
CLASSPATH=.;D:\SoftWare\javaJDK\JDK8u91\lib;D:\SoftWare\javaJDK\JDK8u91\lib\tools.jar;D:\SoftWare\Tomcat\apache-tomcat-6.0.45\lib\servlet-api.jar
PATH=D:\SoftWare\Oracle11gdatabase\product\11.2.0\dbhome_1\bin;C:\ProgramData\Oracle\Java\javapath;C:\Windows\system32;C:\Windows;C:\Windows\System32\Wbem;C:\Windows\System32\WindowsPowerShell\v1.0\;D:\SoftWare\Matlab\runtime\win64;D:\SoftWare\Matlab\bin;D:\SoftWare\Matlab\polyspace\bin;C:\Program Files (x86)\Windows Kits\8.1\Windows Performance Toolkit\;C:\Program Files (x86)\Microsoft SDKs\TypeScript\1.0\;D:\SoftWare\javaJDK\JDK8u91\bin;D:\SoftWare\javaJDK\JDK8u91\jre\bin;C:\Program Files (x86)\Microsoft SQL Server\100\Tools\Binn\;C:\Program Files\Microsoft SQL Server\100\Tools\Binn\;C:\Program Files\Microsoft SQL Server\100\DTS\Binn\;C:\Program Files (x86)\Microsoft SQL Server\100\Tools\Binn\VSShell\Common7\IDE\;C:\Program Files (x86)\Microsoft SQL Server\100\DTS\Binn\;C:\Program Files (x86)\Microsoft Visual Studio 9.0\Common7\IDE\PrivateAssemblies\;C:\Program Files (x86)\NVIDIA Corporation\PhysX\Common;D:\SoftWare\msysgit\Git\cmd;C:\Program Files\MySQL\MySQL Utilities 1.6\;D:\SoftWare\ThirdPart4Java\Maven350\apache-maven-3.5.0\bin;D:\SoftWare\CMake\bin;C:\server;D:\SoftWare\Python35\Scripts\;D:\SoftWare\Python35\;D:\SoftWare\VSCode\Microsoft VS Code\bin;D:\SoftWare\Modelsim\win64;D:\SoftWare\ThirdPart4Java\Maven350\apache-maven-3.5.0\bin
USERNAME=Administrator
OS=Windows_NT
PROCESSOR_IDENTIFIER=Intel64 Family 6 Model 60 Stepping 3, GenuineIntel



---------------  S Y S T E M  ---------------

OS: Windows 7 , 64 bit Build 7601 (6.1.7601.23915)

CPU:total 4 (4 cores per cpu, 1 threads per core) family 6 model 60 stepping 3, cmov, cx8, fxsr, mmx, sse, sse2, sse3, ssse3, sse4.1, sse4.2, popcnt, avx, avx2, aes, clmul, erms, lzcnt, tsc, tscinvbit, bmi1, bmi2

Memory: 4k page, physical 8334220k(1090724k free), swap 16666580k(8476156k free)

vm_info: Java HotSpot(TM) 64-Bit Server VM (25.91-b15) for windows-amd64 JRE (1.8.0_91-b15), built on May 20 2016 17:43:15 by "java_re" with MS VC++ 10.0 (VS2010)

time: Sun Mar 18 20:03:28 2018
elapsed time: 26 seconds (0d 0h 0m 26s)

