#
# A fatal error has been detected by the Java Runtime Environment:
#
#  EXCEPTION_ACCESS_VIOLATION (0xc0000005) at pc=0x0000000065637933, pid=9856, tid=8984
#
# JRE version: Java(TM) SE Runtime Environment (8.0_91-b15) (build 1.8.0_91-b15)
# Java VM: Java HotSpot(TM) 64-Bit Server VM (25.91-b15 mixed mode windows-amd64 compressed oops)
# Problematic frame:
# V  [jvm.dll+0x157933]
#
# Failed to write core dump. Minidumps are not enabled by default on client versions of Windows
#
# If you would like to submit a bug report, please visit:
#   http://bugreport.java.com/bugreport/crash.jsp
# The crash happened outside the Java Virtual Machine in native code.
# See problematic frame for where to report the bug.
#

---------------  T H R E A D  ---------------

Current thread (0x000000005eced800):  JavaThread "Thread-11" [_thread_in_native, id=8984, stack(0x000000005d0f0000,0x000000005d1f0000)]

siginfo: ExceptionCode=0xc0000005, reading address 0x0000000000000000

Registers:
RAX=0x0000000000000000, RBX=0x000000005eced800, RCX=0x000000005eced800, RDX=0x00000000d5eb2168
RSP=0x000000005d1eee40, RBP=0x0000000000000014, RSI=0x000000005d1eef18, RDI=0x000000005eced9f8
R8 =0x0000000000000000, R9 =0x000007fef0ccdef8, R10=0x0000000002282100, R11=0x0000000000009b75
R12=0x0000000000000042, R13=0x0000000000000000, R14=0x00000000ffffffff, R15=0x0000000000000000
RIP=0x0000000065637933, EFLAGS=0x0000000000010246

Top of Stack: (sp=0x000000005d1eee40)
0x000000005d1eee40:   0000000000000000 0000000000000042
0x000000005d1eee50:   000007fef2f4fff8 000000006563d2af
0x000000005d1eee60:   000000005eced800 0000000006da5f8d
0x000000005d1eee70:   0000000059a82ed8 000007fe0000000e
0x000000005d1eee80:   000000005eced800 000000005eced800
0x000000005d1eee90:   000000005e12b8c8 0000000000000182
0x000000005d1eeea0:   0000000065af5580 000007fef2f40000
0x000000005d1eeeb0:   0000000000000000 000007fef2f423cb
0x000000005d1eeec0:   0000000065c77d50 000007fef2f40000
0x000000005d1eeed0:   000000005eced9f8 0000000059f91ee8
0x000000005d1eeee0:   000000005dc4ba80 000000005dcc5648
0x000000005d1eeef0:   000000005dcc55f0 0000000058383dd4
0x000000005d1eef00:   0000000059f91ee8 000000005dcc55f0
0x000000005d1eef10:   0000000000000000 000007fef0ccdef8
0x000000005d1eef20:   000000005eced800 000000005d1ef070
0x000000005d1eef30:   000007fef2f40000 000000005dc4ba80 

Instructions: (pc=0x0000000065637933)
0x0000000065637913:   4c 24 48 e8 65 23 12 00 48 8b 84 24 d0 00 00 00
0x0000000065637923:   c7 44 24 38 0e 00 00 00 48 8d b4 24 d8 00 00 00
0x0000000065637933:   48 8b 08 48 89 74 24 30 48 8b 51 08 48 8d 4c 24
0x0000000065637943:   68 0f b7 42 24 48 8b 52 08 48 8b 54 c2 50 e8 9a 


Register to memory mapping:

RAX=0x0000000000000000 is an unknown value
RBX=0x000000005eced800 is a thread
RCX=0x000000005eced800 is a thread
RDX=0x00000000d5eb2168 is an oop
java.lang.StackOverflowError 
 - klass: 'java/lang/StackOverflowError'
RSP=0x000000005d1eee40 is pointing into the stack for thread: 0x000000005eced800
RBP=0x0000000000000014 is an unknown value
RSI=0x000000005d1eef18 is pointing into the stack for thread: 0x000000005eced800
RDI=0x000000005eced9f8 is an unknown value
R8 =0x0000000000000000 is an unknown value
R9 =0x000007fef0ccdef8 is an unknown value
R10=0x0000000002282100 is an unknown value
R11=0x0000000000009b75 is an unknown value
R12=0x0000000000000042 is an unknown value
R13=0x0000000000000000 is an unknown value
R14=0x00000000ffffffff is an unallocated location in the heap
R15=0x0000000000000000 is an unknown value


Stack: [0x000000005d0f0000,0x000000005d1f0000],  sp=0x000000005d1eee40,  free space=1019k
Native frames: (J=compiled Java code, j=interpreted, Vv=VM code, C=native code)
V  [jvm.dll+0x157933]
C  [wpcap.dll+0x23dd4]
C  [wpcap.dll+0x24d21]
C  [Jpcap.dll+0x1d35]
C  0x0000000002600fcc

Java frames: (J=compiled Java code, j=interpreted, Vv=VM code)
j  jpcap.JpcapCaptor.loopPacket(ILjpcap/PacketReceiver;)I+0
j  cn.seu.edu.LANComm.communication.receiver.DataReceiver.run()V+56
j  java.lang.Thread.run()V+11
v  ~StubRoutines::call_stub

---------------  P R O C E S S  ---------------

Java Threads: ( => current thread )
  0x000000005ecef800 JavaThread "Thread-12" [_thread_blocked, id=8700, stack(0x000000005d3e0000,0x000000005d4e0000)]
=>0x000000005eced800 JavaThread "Thread-11" [_thread_in_native, id=8984, stack(0x000000005d0f0000,0x000000005d1f0000)]
  0x000000005ecef000 JavaThread "Thread-10" [_thread_blocked, id=9156, stack(0x000000005d1f0000,0x000000005d2f0000)]
  0x000000005ecee000 JavaThread "Thread-9" [_thread_blocked, id=6316, stack(0x000000005ca50000,0x000000005cb50000)]
  0x000000005ecec800 JavaThread "Thread-7" [_thread_in_native, id=9272, stack(0x000000005cc80000,0x000000005cd80000)]
  0x000000005e127000 JavaThread "Thread-4" [_thread_in_native, id=9320, stack(0x000000005cb60000,0x000000005cc60000)]
  0x000000005e12b000 JavaThread "Thread-3" [_thread_blocked, id=9780, stack(0x000000005cde0000,0x000000005cee0000)]
  0x000000005e5f2800 JavaThread "D3D Screen Updater" daemon [_thread_blocked, id=7976, stack(0x00000000613d0000,0x00000000614d0000)]
  0x0000000059bbc000 JavaThread "TimerQueue" daemon [_thread_blocked, id=7540, stack(0x000000005d710000,0x000000005d810000)]
  0x0000000002239000 JavaThread "DestroyJavaVM" [_thread_blocked, id=9944, stack(0x00000000024e0000,0x00000000025e0000)]
  0x0000000059ab8800 JavaThread "AWT-EventQueue-0" [_thread_blocked, id=8276, stack(0x000000005a820000,0x000000005a920000)]
  0x0000000059ab2000 JavaThread "AWT-Windows" daemon [_thread_in_native, id=8808, stack(0x000000005a5d0000,0x000000005a6d0000)]
  0x0000000059ab0800 JavaThread "AWT-Shutdown" [_thread_blocked, id=9720, stack(0x000000005a400000,0x000000005a500000)]
  0x0000000059aaa000 JavaThread "Java2D Disposer" daemon [_thread_blocked, id=9128, stack(0x000000005a2a0000,0x000000005a3a0000)]
  0x0000000058769800 JavaThread "Service Thread" daemon [_thread_blocked, id=7492, stack(0x0000000059770000,0x0000000059870000)]
  0x00000000586ec000 JavaThread "C1 CompilerThread2" daemon [_thread_blocked, id=8904, stack(0x0000000059570000,0x0000000059670000)]
  0x00000000586e1800 JavaThread "C2 CompilerThread1" daemon [_thread_blocked, id=2668, stack(0x0000000059470000,0x0000000059570000)]
  0x00000000586ea800 JavaThread "C2 CompilerThread0" daemon [_thread_blocked, id=9724, stack(0x0000000059320000,0x0000000059420000)]
  0x00000000586d4800 JavaThread "JDWP Command Reader" daemon [_thread_in_native, id=7684, stack(0x00000000591e0000,0x00000000592e0000)]
  0x00000000586d1000 JavaThread "JDWP Event Helper Thread" daemon [_thread_blocked, id=8584, stack(0x0000000058ce0000,0x0000000058de0000)]
  0x00000000586c3800 JavaThread "JDWP Transport Listener: dt_socket" daemon [_thread_blocked, id=9576, stack(0x0000000058ff0000,0x00000000590f0000)]
  0x00000000586a8800 JavaThread "Attach Listener" daemon [_thread_blocked, id=9184, stack(0x0000000058e60000,0x0000000058f60000)]
  0x000000005734f000 JavaThread "Signal Dispatcher" daemon [_thread_blocked, id=8640, stack(0x0000000058b70000,0x0000000058c70000)]
  0x000000005732a800 JavaThread "Finalizer" daemon [_thread_blocked, id=9772, stack(0x0000000058260000,0x0000000058360000)]
  0x00000000572e3800 JavaThread "Reference Handler" daemon [_thread_blocked, id=9164, stack(0x00000000585a0000,0x00000000586a0000)]

Other Threads:
  0x00000000572dc000 VMThread [stack: 0x0000000058410000,0x0000000058510000] [id=10120]
  0x00000000587ab000 WatcherThread [stack: 0x00000000598b0000,0x00000000599b0000] [id=9572]

VM state:not at safepoint (normal execution)

VM Mutex/Monitor currently owned by a thread: None

Heap:
 PSYoungGen      total 38400K, used 10904K [0x00000000d5980000, 0x00000000d8400000, 0x0000000100000000)
  eden space 33280K, 17% used [0x00000000d5980000,0x00000000d5f2dcb8,0x00000000d7a00000)
  from space 5120K, 99% used [0x00000000d7a00000,0x00000000d7ef8550,0x00000000d7f00000)
  to   space 5120K, 0% used [0x00000000d7f00000,0x00000000d7f00000,0x00000000d8400000)
 ParOldGen       total 87552K, used 2918K [0x0000000080c00000, 0x0000000086180000, 0x00000000d5980000)
  object space 87552K, 3% used [0x0000000080c00000,0x0000000080ed9888,0x0000000086180000)
 Metaspace       used 16036K, capacity 16330K, committed 16640K, reserved 1064960K
  class space    used 1945K, capacity 2039K, committed 2048K, reserved 1048576K

Card table byte_map: [0x00000000119a0000,0x0000000011da0000] byte_map_base: 0x000000001159a000

Marking Bits: (ParMarkBitMap*) 0x0000000065cf2f70
 Begin Bits: [0x00000000125b0000, 0x0000000014580000)
 End Bits:   [0x0000000014580000, 0x0000000016550000)

Polling page: 0x0000000000120000

CodeCache: size=245760Kb used=5717Kb max_used=5717Kb free=240042Kb
 bounds [0x00000000025e0000, 0x0000000002b80000, 0x00000000115e0000]
 total_blobs=2264 nmethods=1685 adapters=499
 compilation: enabled

Compilation events (10 events):
Event: 20.495 Thread 0x00000000586ec000 nmethod 1688 0x0000000002b72a90 code [0x0000000002b72c00, 0x0000000002b72dd0]
Event: 20.496 Thread 0x00000000586ea800 nmethod 1686 0x0000000002b75d90 code [0x0000000002b75ee0, 0x0000000002b761d8]
Event: 20.499 Thread 0x00000000586ec000 1689       3       java.util.HashMap::clear (50 bytes)
Event: 20.499 Thread 0x00000000586ec000 nmethod 1689 0x0000000002b75750 code [0x0000000002b758c0, 0x0000000002b75c70]
Event: 20.500 Thread 0x00000000586ec000 1690       3       java.nio.ByteBuffer::arrayOffset (35 bytes)
Event: 20.500 Thread 0x00000000586ec000 nmethod 1690 0x0000000002b75110 code [0x0000000002b752a0, 0x0000000002b755d8]
Event: 20.578 Thread 0x00000000586ec000 1691       3       java.util.concurrent.locks.AbstractQueuedSynchronizer::enq (58 bytes)
Event: 20.578 Thread 0x00000000586ec000 nmethod 1691 0x0000000002b74810 code [0x0000000002b749a0, 0x0000000002b74ed0]
Event: 22.593 Thread 0x00000000586ec000 1692       3       java.lang.Integer::parseInt (261 bytes)
Event: 22.594 Thread 0x00000000586ec000 nmethod 1692 0x0000000002b76650 code [0x0000000002b76a60, 0x0000000002b787e8]

GC Heap History (2 events):
Event: 10.357 GC heap before
{Heap before GC invocations=1 (full 0):
 PSYoungGen      total 38400K, used 33280K [0x00000000d5980000, 0x00000000d8400000, 0x0000000100000000)
  eden space 33280K, 100% used [0x00000000d5980000,0x00000000d7a00000,0x00000000d7a00000)
  from space 5120K, 0% used [0x00000000d7f00000,0x00000000d7f00000,0x00000000d8400000)
  to   space 5120K, 0% used [0x00000000d7a00000,0x00000000d7a00000,0x00000000d7f00000)
 ParOldGen       total 87552K, used 0K [0x0000000080c00000, 0x0000000086180000, 0x00000000d5980000)
  object space 87552K, 0% used [0x0000000080c00000,0x0000000080c00000,0x0000000086180000)
 Metaspace       used 15537K, capacity 15850K, committed 16128K, reserved 1062912K
  class space    used 1916K, capacity 2007K, committed 2048K, reserved 1048576K
Event: 10.363 GC heap after
Heap after GC invocations=1 (full 0):
 PSYoungGen      total 38400K, used 5089K [0x00000000d5980000, 0x00000000d8400000, 0x0000000100000000)
  eden space 33280K, 0% used [0x00000000d5980000,0x00000000d5980000,0x00000000d7a00000)
  from space 5120K, 99% used [0x00000000d7a00000,0x00000000d7ef8550,0x00000000d7f00000)
  to   space 5120K, 0% used [0x00000000d7f00000,0x00000000d7f00000,0x00000000d8400000)
 ParOldGen       total 87552K, used 2918K [0x0000000080c00000, 0x0000000086180000, 0x00000000d5980000)
  object space 87552K, 3% used [0x0000000080c00000,0x0000000080ed9888,0x0000000086180000)
 Metaspace       used 15537K, capacity 15850K, committed 16128K, reserved 1062912K
  class space    used 1916K, capacity 2007K, committed 2048K, reserved 1048576K
}

Deoptimization events (10 events):
Event: 5.236 Thread 0x0000000059ab8800 Uncommon trap: reason=unstable_if action=reinterpret pc=0x000000000287dbc0 method=java.lang.Character.isSurrogate(C)Z @ 3
Event: 5.270 Thread 0x0000000059ab2000 Uncommon trap: reason=class_check action=maybe_recompile pc=0x00000000028840b0 method=java.util.HashMap.putVal(ILjava/lang/Object;Ljava/lang/Object;ZZ)Ljava/lang/Object; @ 203
Event: 5.270 Thread 0x0000000059ab2000 Uncommon trap: reason=class_check action=maybe_recompile pc=0x0000000002884004 method=java.util.HashMap.putVal(ILjava/lang/Object;Ljava/lang/Object;ZZ)Ljava/lang/Object; @ 91
Event: 5.270 Thread 0x0000000059ab2000 Uncommon trap: reason=class_check action=maybe_recompile pc=0x00000000028840b0 method=java.util.HashMap.putVal(ILjava/lang/Object;Ljava/lang/Object;ZZ)Ljava/lang/Object; @ 203
Event: 5.270 Thread 0x0000000059ab2000 Uncommon trap: reason=class_check action=maybe_recompile pc=0x00000000028840b0 method=java.util.HashMap.putVal(ILjava/lang/Object;Ljava/lang/Object;ZZ)Ljava/lang/Object; @ 203
Event: 5.416 Thread 0x0000000059ab8800 Uncommon trap: reason=unstable_if action=reinterpret pc=0x000000000285a104 method=java.lang.ThreadLocal$ThreadLocalMap.getEntry(Ljava/lang/ThreadLocal;)Ljava/lang/ThreadLocal$ThreadLocalMap$Entry; @ 21
Event: 5.708 Thread 0x0000000059ab8800 Uncommon trap: reason=unstable_if action=reinterpret pc=0x000000000299ce70 method=org.jfree.chart.axis.TickUnit.compareTo(Ljava/lang/Object;)I @ 35
Event: 5.756 Thread 0x0000000059ab8800 Uncommon trap: reason=unstable_if action=reinterpret pc=0x0000000002859c48 method=sun.font.TrueTypeFont.getDirectoryEntry(I)Lsun/font/TrueTypeFont$DirectoryEntry; @ 7
Event: 5.775 Thread 0x0000000059ab8800 Uncommon trap: reason=unstable_if action=reinterpret pc=0x00000000029b3fb4 method=sun.awt.SunToolkit.getAppContext(Ljava/lang/Object;)Lsun/awt/AppContext; @ 4
Event: 10.368 Thread 0x0000000059ab8800 Uncommon trap: reason=unstable_if action=reinterpret pc=0x00000000029e6ff0 method=java.lang.ref.SoftReference.get()Ljava/lang/Object; @ 17

Internal exceptions (10 events):
Event: 22.596 Thread 0x000000005eced800 Exception <a 'java/lang/StackOverflowError'> (0x00000000d5ebabf0) thrown at [C:\re\workspace\8-2-build-windows-amd64-cygwin\jdk8u91\7017\hotspot\src\share\vm\runtime\javaCalls.cpp, line 386]
Event: 22.596 Thread 0x000000005eced800 Exception <a 'java/lang/StackOverflowError'> (0x00000000d5ebac58) thrown at [C:\re\workspace\8-2-build-windows-amd64-cygwin\jdk8u91\7017\hotspot\src\share\vm\runtime\javaCalls.cpp, line 386]
Event: 22.596 Thread 0x000000005eced800 Exception <a 'java/lang/StackOverflowError'> (0x00000000d5ebac78) thrown at [C:\re\workspace\8-2-build-windows-amd64-cygwin\jdk8u91\7017\hotspot\src\share\vm\runtime\javaCalls.cpp, line 386]
Event: 22.596 Thread 0x000000005eced800 Exception <a 'java/lang/StackOverflowError'> (0x00000000d5ebacc8) thrown at [C:\re\workspace\8-2-build-windows-amd64-cygwin\jdk8u91\7017\hotspot\src\share\vm\runtime\javaCalls.cpp, line 386]
Event: 22.596 Thread 0x000000005eced800 Exception <a 'java/lang/StackOverflowError'> (0x00000000d5ebace8) thrown at [C:\re\workspace\8-2-build-windows-amd64-cygwin\jdk8u91\7017\hotspot\src\share\vm\runtime\javaCalls.cpp, line 386]
Event: 22.596 Thread 0x000000005eced800 Exception <a 'java/lang/StackOverflowError'> (0x00000000d5ebad28) thrown at [C:\re\workspace\8-2-build-windows-amd64-cygwin\jdk8u91\7017\hotspot\src\share\vm\runtime\javaCalls.cpp, line 386]
Event: 22.596 Thread 0x000000005eced800 Exception <a 'java/lang/StackOverflowError'> (0x00000000d5ebada0) thrown at [C:\re\workspace\8-2-build-windows-amd64-cygwin\jdk8u91\7017\hotspot\src\share\vm\runtime\javaCalls.cpp, line 386]
Event: 22.596 Thread 0x000000005eced800 Exception <a 'java/lang/StackOverflowError'> (0x00000000d5ebadd0) thrown at [C:\re\workspace\8-2-build-windows-amd64-cygwin\jdk8u91\7017\hotspot\src\share\vm\runtime\javaCalls.cpp, line 386]
Event: 22.596 Thread 0x000000005eced800 Exception <a 'java/lang/StackOverflowError'> (0x00000000d5ebadf0) thrown at [C:\re\workspace\8-2-build-windows-amd64-cygwin\jdk8u91\7017\hotspot\src\share\vm\runtime\javaCalls.cpp, line 386]
Event: 22.596 Thread 0x000000005eced800 Exception <a 'java/lang/StackOverflowError'> (0x00000000d5ebae10) thrown at [C:\re\workspace\8-2-build-windows-amd64-cygwin\jdk8u91\7017\hotspot\src\share\vm\runtime\javaCalls.cpp, line 386]

Events (10 events):
Event: 20.496 Thread 0x000000005e12e800 Thread exited: 0x000000005e12e800
Event: 20.496 Thread 0x000000005ecef000 Thread added: 0x000000005ecef000
Event: 20.496 Executing VM operation: RevokeBias
Event: 20.497 Executing VM operation: RevokeBias done
Event: 20.497 Thread 0x000000005eced800 Thread exited: 0x000000005eced800
Event: 20.497 Thread 0x000000005eced800 Thread added: 0x000000005eced800
Event: 20.499 Thread 0x000000005ecef800 Thread added: 0x000000005ecef800
Event: 20.499 Executing VM operation: RevokeBias
Event: 20.500 Executing VM operation: RevokeBias done
Event: 20.500 Thread 0x000000005e12c800 Thread exited: 0x000000005e12c800


Dynamic libraries:
0x000000013fb80000 - 0x000000013fbb7000 	D:\SoftWare\javaJDK\JDK8u91\bin\java.exe
0x0000000077140000 - 0x00000000772ea000 	C:\Windows\SYSTEM32\ntdll.dll
0x0000000076ba0000 - 0x0000000076cbf000 	C:\Windows\system32\kernel32.dll
0x000007fefd660000 - 0x000007fefd6ca000 	C:\Windows\system32\KERNELBASE.dll
0x000007fefea40000 - 0x000007fefeb1b000 	C:\Windows\system32\ADVAPI32.dll
0x000007fefe9a0000 - 0x000007fefea3f000 	C:\Windows\system32\msvcrt.dll
0x000007feff3b0000 - 0x000007feff3cf000 	C:\Windows\SYSTEM32\sechost.dll
0x000007fefeb20000 - 0x000007fefec4d000 	C:\Windows\system32\RPCRT4.dll
0x0000000077040000 - 0x000000007713a000 	C:\Windows\system32\USER32.dll
0x000007fefee50000 - 0x000007fefeeb7000 	C:\Windows\system32\GDI32.dll
0x000007fefef20000 - 0x000007fefef2e000 	C:\Windows\system32\LPK.dll
0x000007fefed30000 - 0x000007fefedfb000 	C:\Windows\system32\USP10.dll
0x000007fefc5d0000 - 0x000007fefc7c4000 	C:\Windows\WinSxS\amd64_microsoft.windows.common-controls_6595b64144ccf1df_6.0.7601.18837_none_fa3b1e3d17594757\COMCTL32.dll
0x000007feff3d0000 - 0x000007feff441000 	C:\Windows\system32\SHLWAPI.dll
0x000007feff380000 - 0x000007feff3ae000 	C:\Windows\system32\IMM32.DLL
0x000007feff1d0000 - 0x000007feff2d9000 	C:\Windows\system32\MSCTF.dll
0x0000000070bc0000 - 0x0000000070c92000 	D:\SoftWare\javaJDK\JDK8u91\jre\bin\msvcr100.dll
0x00000000654e0000 - 0x0000000065d73000 	D:\SoftWare\javaJDK\JDK8u91\jre\bin\server\jvm.dll
0x000007fefa320000 - 0x000007fefa329000 	C:\Windows\system32\WSOCK32.dll
0x000007fefee00000 - 0x000007fefee4d000 	C:\Windows\system32\WS2_32.dll
0x000007fefe990000 - 0x000007fefe998000 	C:\Windows\system32\NSI.dll
0x000007fefb340000 - 0x000007fefb37b000 	C:\Windows\system32\WINMM.dll
0x000007fefce90000 - 0x000007fefce9c000 	C:\Windows\system32\VERSION.dll
0x0000000077310000 - 0x0000000077317000 	C:\Windows\system32\PSAPI.DLL
0x00000000731f0000 - 0x00000000731ff000 	D:\SoftWare\javaJDK\JDK8u91\jre\bin\verify.dll
0x0000000070b90000 - 0x0000000070bb9000 	D:\SoftWare\javaJDK\JDK8u91\jre\bin\java.dll
0x000000006fcc0000 - 0x000000006fcf5000 	D:\SoftWare\javaJDK\JDK8u91\jre\bin\jdwp.dll
0x0000000073670000 - 0x0000000073678000 	D:\SoftWare\javaJDK\JDK8u91\jre\bin\npt.dll
0x00000000711c0000 - 0x00000000711d6000 	D:\SoftWare\javaJDK\JDK8u91\jre\bin\zip.dll
0x000007fefd980000 - 0x000007fefe70a000 	C:\Windows\system32\SHELL32.dll
0x000007fefef30000 - 0x000007feff12c000 	C:\Windows\system32\ole32.dll
0x000007fefd5b0000 - 0x000007fefd5bf000 	C:\Windows\system32\profapi.dll
0x00000000731e0000 - 0x00000000731e9000 	D:\SoftWare\javaJDK\JDK8u91\jre\bin\dt_socket.dll
0x000007fefcc50000 - 0x000007fefcca5000 	C:\Windows\system32\mswsock.dll
0x000007fefc350000 - 0x000007fefc357000 	C:\Windows\System32\wshtcpip.dll
0x000000006fb20000 - 0x000000006fcb8000 	D:\SoftWare\javaJDK\JDK8u91\jre\bin\awt.dll
0x000007fefec50000 - 0x000007fefed2a000 	C:\Windows\system32\OLEAUT32.dll
0x000007fefb8e0000 - 0x000007fefb936000 	C:\Windows\system32\uxtheme.dll
0x0000000180000000 - 0x00000001800c9000 	c:\program files (x86)\kingsoft\kingsoft antivirus\kwsui64.dll
0x000007fefb510000 - 0x000007fefb528000 	C:\Windows\system32\dwmapi.dll
0x000007fefd440000 - 0x000007fefd44f000 	C:\Windows\system32\CRYPTBASE.dll
0x000007feefec0000 - 0x000007fef00bf000 	C:\Windows\system32\d3d9.dll
0x000007fef2cd0000 - 0x000007fef2cd7000 	C:\Windows\system32\d3d8thk.dll
0x000007feee350000 - 0x000007feef37f000 	C:\Windows\system32\nvd3dumx.dll
0x000007feee180000 - 0x000007feee34c000 	C:\Windows\system32\nvspcap64.dll
0x000007fefe7b0000 - 0x000007fefe987000 	C:\Windows\system32\SETUPAPI.dll
0x000007fefd900000 - 0x000007fefd936000 	C:\Windows\system32\CFGMGR32.dll
0x000007fefd6d0000 - 0x000007fefd6ea000 	C:\Windows\system32\DEVOBJ.dll
0x000007fef95c0000 - 0x000007fef9631000 	C:\Windows\system32\WINHTTP.dll
0x000007fef9550000 - 0x000007fef95b4000 	C:\Windows\system32\webio.dll
0x000007fefb220000 - 0x000007fefb231000 	C:\Windows\system32\WTSAPI32.dll
0x000007feeddd0000 - 0x000007feee17d000 	C:\Windows\system32\nvapi64.dll
0x000007fefbac0000 - 0x000007fefbaec000 	C:\Windows\system32\powrprof.dll
0x000007fef2b20000 - 0x000007fef2c01000 	C:\Program Files (x86)\NVIDIA Corporation\3D Vision\nvSCPAPI64.dll
0x000007fefd940000 - 0x000007fefd97b000 	C:\Windows\system32\WINTRUST.dll
0x000007fefd790000 - 0x000007fefd8fd000 	C:\Windows\system32\CRYPT32.dll
0x000007fefd650000 - 0x000007fefd65f000 	C:\Windows\system32\MSASN1.dll
0x000000006fad0000 - 0x000000006fb17000 	D:\SoftWare\javaJDK\JDK8u91\jre\bin\fontmanager.dll
0x0000000070b70000 - 0x0000000070b8a000 	D:\SoftWare\javaJDK\JDK8u91\jre\bin\net.dll
0x000007fefcc40000 - 0x000007fefcc47000 	C:\Windows\System32\wship6.dll
0x0000000070b50000 - 0x0000000070b61000 	D:\SoftWare\javaJDK\JDK8u91\jre\bin\nio.dll
0x000000006f6e0000 - 0x000000006f722000 	D:\SoftWare\javaJDK\JDK8u91\jre\bin\t2k.dll
0x000007fef2f40000 - 0x000007fef2f6b000 	D:\SoftWare\javaJDK\JDK8u91\bin\Jpcap.dll
0x0000000058360000 - 0x00000000583c5000 	C:\Windows\system32\wpcap.dll
0x0000000012050000 - 0x000000001206f000 	C:\Windows\system32\packet.dll
0x000007fefc530000 - 0x000007fefc557000 	C:\Windows\system32\iphlpapi.dll
0x000007fefc890000 - 0x000007fefc89b000 	C:\Windows\system32\WINNSI.DLL
0x000007fefc260000 - 0x000007fefc271000 	C:\Windows\system32\dhcpcsvc6.DLL
0x000007fefc240000 - 0x000007fefc258000 	C:\Windows\system32\dhcpcsvc.DLL
0x000007feff2e0000 - 0x000007feff379000 	C:\Windows\system32\CLBCatQ.DLL
0x000007fefb0a0000 - 0x000007fefb1ca000 	C:\Windows\system32\WindowsCodecs.dll
0x000007fefd530000 - 0x000007fefd587000 	C:\Windows\system32\apphelp.dll
0x000007fef6060000 - 0x000007fef66d1000 	C:\PROGRA~1\MICROS~1\Office14\GROOVEEX.DLL
0x00000000713e0000 - 0x0000000071483000 	C:\Windows\WinSxS\amd64_microsoft.vc90.crt_1fc8b3b9a1e18e3b_9.0.30729.6161_none_08e61857a83bc251\MSVCR90.dll
0x0000000071300000 - 0x00000000713d3000 	C:\Windows\WinSxS\amd64_microsoft.vc90.crt_1fc8b3b9a1e18e3b_9.0.30729.6161_none_08e61857a83bc251\MSVCP90.dll
0x0000000071a50000 - 0x0000000071a7f000 	C:\Windows\WinSxS\amd64_microsoft.vc90.atl_1fc8b3b9a1e18e3b_9.0.30729.6161_none_0a1fd3a3a768b895\ATL90.DLL
0x000007fef7be0000 - 0x000007fef7fef000 	C:\PROGRA~1\COMMON~1\MICROS~1\OFFICE14\Cultures\office.odf
0x000007fef73d0000 - 0x000007fef7bdf000 	C:\PROGRA~1\MICROS~1\Office14\2052\GrooveIntlResource.dll
0x000000006faa0000 - 0x000000006faca000 	D:\SoftWare\javaJDK\JDK8u91\jre\bin\dcpr.dll
0x000007fef00c0000 - 0x000007fef01e5000 	C:\Windows\system32\dbghelp.dll

VM Arguments:
jvm_args: -agentlib:jdwp=transport=dt_socket,address=127.0.0.1:3141,suspend=y,server=n -Dfile.encoding=UTF-8 
java_command: cn.seu.edu.LANComm.ui.MainFrame
java_class_path (initial): D:\SoftWare\javaJDK\JDK8u91\jre\lib\charsets.jar;D:\SoftWare\javaJDK\JDK8u91\jre\lib\deploy.jar;D:\SoftWare\javaJDK\JDK8u91\jre\lib\ext\access-bridge-64.jar;D:\SoftWare\javaJDK\JDK8u91\jre\lib\ext\cldrdata.jar;D:\SoftWare\javaJDK\JDK8u91\jre\lib\ext\dnsns.jar;D:\SoftWare\javaJDK\JDK8u91\jre\lib\ext\jaccess.jar;D:\SoftWare\javaJDK\JDK8u91\jre\lib\ext\jfxrt.jar;D:\SoftWare\javaJDK\JDK8u91\jre\lib\ext\localedata.jar;D:\SoftWare\javaJDK\JDK8u91\jre\lib\ext\nashorn.jar;D:\SoftWare\javaJDK\JDK8u91\jre\lib\ext\sunec.jar;D:\SoftWare\javaJDK\JDK8u91\jre\lib\ext\sunjce_provider.jar;D:\SoftWare\javaJDK\JDK8u91\jre\lib\ext\sunmscapi.jar;D:\SoftWare\javaJDK\JDK8u91\jre\lib\ext\sunpkcs11.jar;D:\SoftWare\javaJDK\JDK8u91\jre\lib\ext\zipfs.jar;D:\SoftWare\javaJDK\JDK8u91\jre\lib\javaws.jar;D:\SoftWare\javaJDK\JDK8u91\jre\lib\jce.jar;D:\SoftWare\javaJDK\JDK8u91\jre\lib\jfr.jar;D:\SoftWare\javaJDK\JDK8u91\jre\lib\jfxswt.jar;D:\SoftWare\javaJDK\JDK8u91\jre\lib\jsse.jar;D:\SoftWare\javaJDK\JDK8u91\jre\lib\management-agent.jar;D:\SoftWare\javaJDK\JDK8u91\jre\lib\plugin.jar;D:\SoftWare\javaJDK\JDK8u91\jre\lib\resources.jar;D:\SoftWare\javaJDK\JDK8u91\jre\lib\rt.jar;F:\seuLANComm\target\classes;C:\Users\Administrator\.m2\repository\jfree\jfreechart\1.0.13\jfreechart-1.0.13.jar;C:\Users\Administrator\.m2\repository\jfree\jcommon\1.0.16\jcommon-1.0.16.jar;C:\Users\Administrator\.m2\repository\log4j\log4j\1.2.17\log4j-1.2.17.jar;F:\seuLANCommZL\jpcap.jar;F:\UART\jfreechart-1.0.13\jfreechart-1.0.13\jfreechart-1.0.13-demo.jar;D:\SoftWare\IntelliJ IDEA\IntelliJ IDEA 2017.1.2\lib\idea_rt.jar
Launcher Type: SUN_STANDARD

Environment Variables:
JAVA_HOME=D:\SoftWare\javaJDK\JDK8u91
CLASSPATH=.;D:\SoftWare\javaJDK\JDK8u91\lib;D:\SoftWare\javaJDK\JDK8u91\lib\tools.jar;D:\SoftWare\Tomcat\apache-tomcat-6.0.45\lib\servlet-api.jar
PATH=D:\SoftWare\Oracle11gdatabase\product\11.2.0\dbhome_1\bin;C:\ProgramData\Oracle\Java\javapath;C:\Windows\system32;C:\Windows;C:\Windows\System32\Wbem;C:\Windows\System32\WindowsPowerShell\v1.0\;D:\SoftWare\Matlab\runtime\win64;D:\SoftWare\Matlab\bin;D:\SoftWare\Matlab\polyspace\bin;C:\Program Files (x86)\Windows Kits\8.1\Windows Performance Toolkit\;C:\Program Files (x86)\Microsoft SDKs\TypeScript\1.0\;D:\SoftWare\javaJDK\JDK8u91\bin;D:\SoftWare\javaJDK\JDK8u91\jre\bin;C:\Program Files (x86)\Microsoft SQL Server\100\Tools\Binn\;C:\Program Files\Microsoft SQL Server\100\Tools\Binn\;C:\Program Files\Microsoft SQL Server\100\DTS\Binn\;C:\Program Files (x86)\Microsoft SQL Server\100\Tools\Binn\VSShell\Common7\IDE\;C:\Program Files (x86)\Microsoft SQL Server\100\DTS\Binn\;C:\Program Files (x86)\Microsoft Visual Studio 9.0\Common7\IDE\PrivateAssemblies\;C:\Program Files (x86)\NVIDIA Corporation\PhysX\Common;D:\SoftWare\msysgit\Git\cmd;C:\Program Files\MySQL\MySQL Utilities 1.6\;D:\SoftWare\ThirdPart4Java\Maven350\apache-maven-3.5.0\bin;D:\SoftWare\CMake\bin;C:\server;D:\SoftWare\Python35\Scripts\;D:\SoftWare\Python35\;D:\SoftWare\VSCode\Microsoft VS Code\bin;D:\SoftWare\Modelsim\win64;D:\SoftWare\ThirdPart4Java\Maven350\apache-maven-3.5.0\bin
USERNAME=Administrator
OS=Windows_NT
PROCESSOR_IDENTIFIER=Intel64 Family 6 Model 60 Stepping 3, GenuineIntel



---------------  S Y S T E M  ---------------

OS: Windows 7 , 64 bit Build 7601 (6.1.7601.23915)

CPU:total 4 (4 cores per cpu, 1 threads per core) family 6 model 60 stepping 3, cmov, cx8, fxsr, mmx, sse, sse2, sse3, ssse3, sse4.1, sse4.2, popcnt, avx, avx2, aes, clmul, erms, lzcnt, tsc, tscinvbit, bmi1, bmi2

Memory: 4k page, physical 8334220k(2633564k free), swap 16666580k(9465188k free)

vm_info: Java HotSpot(TM) 64-Bit Server VM (25.91-b15) for windows-amd64 JRE (1.8.0_91-b15), built on May 20 2016 17:43:15 by "java_re" with MS VC++ 10.0 (VS2010)

time: Sat Mar 17 11:42:11 2018
elapsed time: 22 seconds (0d 0h 0m 22s)

