#
# A fatal error has been detected by the Java Runtime Environment:
#
#  EXCEPTION_ACCESS_VIOLATION (0xc0000005) at pc=0x0000000062865763, pid=13064, tid=26128
#
# JRE version: Java(TM) SE Runtime Environment (8.0_91-b15) (build 1.8.0_91-b15)
# Java VM: Java HotSpot(TM) 64-Bit Server VM (25.91-b15 mixed mode windows-amd64 compressed oops)
# Problematic frame:
# V  [jvm.dll+0x245763]
#
# Failed to write core dump. Minidumps are not enabled by default on client versions of Windows
#
# If you would like to submit a bug report, please visit:
#   http://bugreport.java.com/bugreport/crash.jsp
# The crash happened outside the Java Virtual Machine in native code.
# See problematic frame for where to report the bug.
#

---------------  T H R E A D  ---------------

Current thread (0x0000000058b5b000):  JavaThread "Thread-14" [_thread_in_native, id=26128, stack(0x0000000061ca0000,0x0000000061da0000)]

siginfo: ExceptionCode=0xc0000005, reading address 0x0000000000000000

Registers:
RAX=0x00000000025e9f60, RBX=0x00000000025e9f60, RCX=0x0000000000000000, RDX=0x0000000000000000
RSP=0x0000000061d9e4c0, RBP=0x0000000058b5b000, RSI=0x0000000000000000, RDI=0x00000000589ea460
R8 =0x0000000000000000, R9 =0x0000000000000000, R10=0x0000000061d9ed98, R11=0x0000000000000000
R12=0x0000000056e21973, R13=0x00000000589ea400, R14=0x0000000000000000, R15=0x0000000000000000
RIP=0x0000000062865763, EFLAGS=0x0000000000010202

Top of Stack: (sp=0x0000000061d9e4c0)
0x0000000061d9e4c0:   0000000000000000 00000000626b946f
0x0000000061d9e4d0:   0000000056e219b8 00000000626b946f
0x0000000061d9e4e0:   0000000061d9e530 0000000061d9e501
0x0000000061d9e4f0:   0000000061d9e650 00000000628f5d91
0x0000000061d9e500:   0000000061d9e618 00000000628f5ca4
0x0000000061d9e510:   0000000061d9e5e8 0000000056e219b8
0x0000000061d9e520:   0000000058b5b000 0000000000000002
0x0000000061d9e530:   0000000058b5a000 00000000589e9d70
0x0000000061d9e540:   00000000589ea460 0000000000000002
0x0000000061d9e550:   0000000000000000 0000000000000000
0x0000000061d9e560:   0000000061d9e670 00000000628666ff
0x0000000061d9e570:   0000000000000000 0000000000000002
0x0000000061d9e580:   00000000597b3300 0000000000000000
0x0000000061d9e590:   0000000061d9e618 0000000002215301
0x0000000061d9e5a0:   0000000000000301 0000000000000002
0x0000000061d9e5b0:   0000000200000000 0000000000000002 

Instructions: (pc=0x0000000062865763)
0x0000000062865743:   00 48 8b 4f 38 48 8b d0 45 8b c6 4c 8b e0 e8 4a
0x0000000062865753:   0f e8 ff 41 b5 01 48 8b 8d 10 02 00 00 48 8b d8
0x0000000062865763:   48 8b 01 ff 50 48 8b b4 24 e8 00 00 00 84 c0 74
0x0000000062865773:   30 41 80 3c 24 c2 75 29 83 fe 01 75 24 4c 8d 0d 


Register to memory mapping:

RAX=0x00000000025e9f60 is at code_begin+0 in an Interpreter codelet
deoptimization entry points  [0x00000000025e9f60, 0x00000000025f1980]  31264 bytes
RBX=0x00000000025e9f60 is at code_begin+0 in an Interpreter codelet
deoptimization entry points  [0x00000000025e9f60, 0x00000000025f1980]  31264 bytes
RCX=0x0000000000000000 is an unknown value
RDX=0x0000000000000000 is an unknown value
RSP=0x0000000061d9e4c0 is pointing into the stack for thread: 0x0000000058b5b000
RBP=0x0000000058b5b000 is a thread
RSI=0x0000000000000000 is an unknown value
RDI=0x00000000589ea460 is an unknown value
R8 =0x0000000000000000 is an unknown value
R9 =0x0000000000000000 is an unknown value
R10=0x0000000061d9ed98 is pointing into the stack for thread: 0x0000000058b5b000
R11=0x0000000000000000 is an unknown value
R12=0x0000000056e21973 is pointing into metadata
R13=0x00000000589ea400 is an unknown value
R14=0x0000000000000000 is an unknown value
R15=0x0000000000000000 is an unknown value


Stack: [0x0000000061ca0000,0x0000000061da0000],  sp=0x0000000061d9e4c0,  free space=1017k
Native frames: (J=compiled Java code, j=interpreted, Vv=VM code, C=native code)
V  [jvm.dll+0x245763]
V  [jvm.dll+0x2466ff]
V  [jvm.dll+0x203b41]
C  0x000000000262585a

Java frames: (J=compiled Java code, j=interpreted, Vv=VM code)
j  jpcap.JpcapCaptor.loopPacket(ILjpcap/PacketReceiver;)I+0
j  cn.seu.edu.LANComm.communication.receiver.DataReceiver.run()V+37
j  java.lang.Thread.run()V+11
v  ~StubRoutines::call_stub

---------------  P R O C E S S  ---------------

Java Threads: ( => current thread )
  0x000000005d823800 JavaThread "Thread-30" [_thread_blocked, id=26948, stack(0x0000000064890000,0x0000000064990000)]
  0x000000005d822800 JavaThread "Thread-29" [_thread_in_native, id=25840, stack(0x0000000064710000,0x0000000064810000)]
  0x000000005d821800 JavaThread "Thread-28" [_thread_in_native, id=26512, stack(0x00000000602b0000,0x00000000603b0000)]
  0x000000005d820000 JavaThread "Thread-27" [_thread_in_native, id=27772, stack(0x00000000622c0000,0x00000000623c0000)]
  0x000000005d821000 JavaThread "Thread-26" [_thread_blocked, id=28244, stack(0x000000005eaf0000,0x000000005ebf0000)]
  0x0000000058b59800 JavaThread "Thread-24" [_thread_in_native, id=28352, stack(0x0000000060040000,0x0000000060140000)]
  0x0000000058b56000 JavaThread "Thread-23" [_thread_blocked, id=27808, stack(0x000000005e820000,0x000000005e920000)]
  0x0000000058b57000 JavaThread "Thread-22" [_thread_blocked, id=27804, stack(0x0000000061e20000,0x0000000061f20000)]
  0x0000000058b58000 JavaThread "Thread-19" [_thread_in_native, id=27084, stack(0x000000005edc0000,0x000000005eec0000)]
  0x0000000058b5b800 JavaThread "Thread-18" [_thread_in_vm, id=28184, stack(0x000000005ec20000,0x000000005ed20000)]
=>0x0000000058b5b000 JavaThread "Thread-14" [_thread_in_native, id=26128, stack(0x0000000061ca0000,0x0000000061da0000)]
  0x0000000058b5a000 JavaThread "Thread-13" [_thread_in_Java, id=27004, stack(0x0000000060170000,0x0000000060270000)]
  0x0000000058b58800 JavaThread "Thread-12" [_thread_in_native, id=28380, stack(0x000000005e700000,0x000000005e800000)]
  0x0000000059a9a800 JavaThread "Thread-4" [_thread_in_native, id=27256, stack(0x000000005e9a0000,0x000000005eaa0000)]
  0x000000005d7cb800 JavaThread "D3D Screen Updater" daemon [_thread_blocked, id=26452, stack(0x00000000603c0000,0x00000000604c0000)]
  0x0000000059a57000 JavaThread "TimerQueue" daemon [_thread_blocked, id=24840, stack(0x000000005aa80000,0x000000005ab80000)]
  0x0000000002288000 JavaThread "DestroyJavaVM" [_thread_blocked, id=28108, stack(0x00000000024e0000,0x00000000025e0000)]
  0x00000000597e7800 JavaThread "AWT-EventQueue-0" [_thread_in_vm, id=28296, stack(0x000000005b5c0000,0x000000005b6c0000)]
  0x00000000597d7800 JavaThread "AWT-Windows" daemon [_thread_blocked, id=28504, stack(0x000000005a270000,0x000000005a370000)]
  0x00000000597d6000 JavaThread "AWT-Shutdown" [_thread_blocked, id=23348, stack(0x000000005a0e0000,0x000000005a1e0000)]
  0x00000000597cb000 JavaThread "Java2D Disposer" daemon [_thread_blocked, id=25616, stack(0x0000000059fa0000,0x000000005a0a0000)]
  0x0000000058a57000 JavaThread "Service Thread" daemon [_thread_blocked, id=28268, stack(0x00000000595a0000,0x00000000596a0000)]
  0x00000000589b2000 JavaThread "C1 CompilerThread2" daemon [_thread_blocked, id=26968, stack(0x0000000059440000,0x0000000059540000)]
  0x000000005899b000 JavaThread "C2 CompilerThread1" daemon [_thread_blocked, id=25680, stack(0x0000000059070000,0x0000000059170000)]
  0x000000005899a000 JavaThread "C2 CompilerThread0" daemon [_thread_blocked, id=6384, stack(0x00000000591f0000,0x00000000592f0000)]
  0x0000000058987000 JavaThread "Monitor Ctrl-Break" daemon [_thread_in_native, id=26664, stack(0x0000000058f70000,0x0000000059070000)]
  0x00000000588e1000 JavaThread "Attach Listener" daemon [_thread_blocked, id=28440, stack(0x0000000058d40000,0x0000000058e40000)]
  0x00000000588e0800 JavaThread "Signal Dispatcher" daemon [_thread_blocked, id=26708, stack(0x00000000586c0000,0x00000000587c0000)]
  0x000000005741a800 JavaThread "Finalizer" daemon [_thread_blocked, id=26716, stack(0x00000000587d0000,0x00000000588d0000)]
  0x00000000573d3800 JavaThread "Reference Handler" daemon [_thread_blocked, id=28424, stack(0x00000000584e0000,0x00000000585e0000)]

Other Threads:
  0x00000000573cc000 VMThread [stack: 0x00000000583c0000,0x00000000584c0000] [id=27752]
  0x0000000058a5e800 WatcherThread [stack: 0x0000000059300000,0x0000000059400000] [id=28116]

VM state:synchronizing (normal execution)

VM Mutex/Monitor currently owned by a thread:  ([mutex/lock_event])
[0x000000000224dcc0] Safepoint_lock - owner thread: 0x00000000573cc000
[0x000000000224dd40] Threads_lock - owner thread: 0x00000000573cc000
[0x000000000224e240] Heap_lock - owner thread: 0x00000000597e7800

Heap:
 PSYoungGen      total 37888K, used 37674K [0x00000000d5980000, 0x00000000d8780000, 0x0000000100000000)
  eden space 32768K, 100% used [0x00000000d5980000,0x00000000d7980000,0x00000000d7980000)
  from space 5120K, 95% used [0x00000000d7a00000,0x00000000d7eca900,0x00000000d7f00000)
  to   space 7168K, 0% used [0x00000000d8080000,0x00000000d8080000,0x00000000d8780000)
 ParOldGen       total 87552K, used 3112K [0x0000000080c00000, 0x0000000086180000, 0x00000000d5980000)
  object space 87552K, 3% used [0x0000000080c00000,0x0000000080f0a140,0x0000000086180000)
 Metaspace       used 17932K, capacity 18256K, committed 18688K, reserved 1064960K
  class space    used 2105K, capacity 2229K, committed 2304K, reserved 1048576K

Card table byte_map: [0x00000000119a0000,0x0000000011da0000] byte_map_base: 0x000000001159a000

Marking Bits: (ParMarkBitMap*) 0x0000000062e32f70
 Begin Bits: [0x00000000126a0000, 0x0000000014670000)
 End Bits:   [0x0000000014670000, 0x0000000016640000)

Polling page: 0x0000000000110000

CodeCache: size=245760Kb used=10960Kb max_used=10971Kb free=234799Kb
 bounds [0x00000000025e0000, 0x00000000030c0000, 0x00000000115e0000]
 total_blobs=3679 nmethods=3074 adapters=515
 compilation: enabled

Compilation events (10 events):
Event: 71.117 Thread 0x00000000589b2000 3322       3       sun.java2d.SurfaceData::getPaintSurfaceType (144 bytes)
Event: 71.117 Thread 0x00000000589b2000 nmethod 3322 0x000000000307cf10 code [0x000000000307d0e0, 0x000000000307d738]
Event: 71.118 Thread 0x00000000589b2000 3325       3       org.jfree.ui.Layer::equals (39 bytes)
Event: 71.118 Thread 0x00000000589b2000 nmethod 3325 0x0000000002cfc8d0 code [0x0000000002cfca60, 0x0000000002cfcf28]
Event: 71.118 Thread 0x00000000589b2000 3327 %     3       cn.seu.edu.LANComm.communication.util.FramingDecoder::getTransmittedData @ 21 (74 bytes)
Event: 71.119 Thread 0x00000000589b2000 nmethod 3327% 0x0000000002a78d10 code [0x0000000002a78ee0, 0x0000000002a795c8]
Event: 71.119 Thread 0x000000005899a000 3328       4       java.util.ArrayList::clear (39 bytes)
Event: 71.119 Thread 0x000000005899b000 3329       4       sun.font.Font2D::getStrike (177 bytes)
Event: 71.121 Thread 0x000000005899a000 nmethod 3328 0x0000000002a78a10 code [0x0000000002a78b40, 0x0000000002a78c78]
Event: 71.122 Thread 0x000000005899a000 3330       4       org.jfree.data.xy.XYSeries::add (237 bytes)

GC Heap History (10 events):
Event: 4.769 GC heap before
{Heap before GC invocations=1 (full 0):
 PSYoungGen      total 38400K, used 33280K [0x00000000d5980000, 0x00000000d8400000, 0x0000000100000000)
  eden space 33280K, 100% used [0x00000000d5980000,0x00000000d7a00000,0x00000000d7a00000)
  from space 5120K, 0% used [0x00000000d7f00000,0x00000000d7f00000,0x00000000d8400000)
  to   space 5120K, 0% used [0x00000000d7a00000,0x00000000d7a00000,0x00000000d7f00000)
 ParOldGen       total 87552K, used 0K [0x0000000080c00000, 0x0000000086180000, 0x00000000d5980000)
  object space 87552K, 0% used [0x0000000080c00000,0x0000000080c00000,0x0000000086180000)
 Metaspace       used 13847K, capacity 14086K, committed 14464K, reserved 1062912K
  class space    used 1750K, capacity 1808K, committed 1920K, reserved 1048576K
Event: 4.775 GC heap after
Heap after GC invocations=1 (full 0):
 PSYoungGen      total 38400K, used 5056K [0x00000000d5980000, 0x00000000d8400000, 0x0000000100000000)
  eden space 33280K, 0% used [0x00000000d5980000,0x00000000d5980000,0x00000000d7a00000)
  from space 5120K, 98% used [0x00000000d7a00000,0x00000000d7ef0108,0x00000000d7f00000)
  to   space 5120K, 0% used [0x00000000d7f00000,0x00000000d7f00000,0x00000000d8400000)
 ParOldGen       total 87552K, used 35K [0x0000000080c00000, 0x0000000086180000, 0x00000000d5980000)
  object space 87552K, 0% used [0x0000000080c00000,0x0000000080c08c50,0x0000000086180000)
 Metaspace       used 13847K, capacity 14086K, committed 14464K, reserved 1062912K
  class space    used 1750K, capacity 1808K, committed 1920K, reserved 1048576K
}
Event: 36.497 GC heap before
{Heap before GC invocations=2 (full 0):
 PSYoungGen      total 38400K, used 38336K [0x00000000d5980000, 0x00000000d8400000, 0x0000000100000000)
  eden space 33280K, 100% used [0x00000000d5980000,0x00000000d7a00000,0x00000000d7a00000)
  from space 5120K, 98% used [0x00000000d7a00000,0x00000000d7ef0108,0x00000000d7f00000)
  to   space 5120K, 0% used [0x00000000d7f00000,0x00000000d7f00000,0x00000000d8400000)
 ParOldGen       total 87552K, used 35K [0x0000000080c00000, 0x0000000086180000, 0x00000000d5980000)
  object space 87552K, 0% used [0x0000000080c00000,0x0000000080c08c50,0x0000000086180000)
 Metaspace       used 17312K, capacity 17578K, committed 17792K, reserved 1064960K
  class space    used 2031K, capacity 2132K, committed 2176K, reserved 1048576K
Event: 36.504 GC heap after
Heap after GC invocations=2 (full 0):
 PSYoungGen      total 38400K, used 5101K [0x00000000d5980000, 0x00000000d8400000, 0x0000000100000000)
  eden space 33280K, 0% used [0x00000000d5980000,0x00000000d5980000,0x00000000d7a00000)
  from space 5120K, 99% used [0x00000000d7f00000,0x00000000d83fb5a0,0x00000000d8400000)
  to   space 5120K, 0% used [0x00000000d7a00000,0x00000000d7a00000,0x00000000d7f00000)
 ParOldGen       total 87552K, used 2119K [0x0000000080c00000, 0x0000000086180000, 0x00000000d5980000)
  object space 87552K, 2% used [0x0000000080c00000,0x0000000080e11e68,0x0000000086180000)
 Metaspace       used 17312K, capacity 17578K, committed 17792K, reserved 1064960K
  class space    used 2031K, capacity 2132K, committed 2176K, reserved 1048576K
}
Event: 65.319 GC heap before
{Heap before GC invocations=3 (full 0):
 PSYoungGen      total 38400K, used 38051K [0x00000000d5980000, 0x00000000d8400000, 0x0000000100000000)
  eden space 33280K, 99% used [0x00000000d5980000,0x00000000d79ad778,0x00000000d7a00000)
  from space 5120K, 99% used [0x00000000d7f00000,0x00000000d83fb5a0,0x00000000d8400000)
  to   space 5120K, 0% used [0x00000000d7a00000,0x00000000d7a00000,0x00000000d7f00000)
 ParOldGen       total 87552K, used 2119K [0x0000000080c00000, 0x0000000086180000, 0x00000000d5980000)
  object space 87552K, 2% used [0x0000000080c00000,0x0000000080e11e68,0x0000000086180000)
 Metaspace       used 17849K, capacity 18128K, committed 18432K, reserved 1064960K
  class space    used 2105K, capacity 2229K, committed 2304K, reserved 1048576K
Event: 65.324 GC heap after
Heap after GC invocations=3 (full 0):
 PSYoungGen      total 38400K, used 5100K [0x00000000d5980000, 0x00000000d8400000, 0x0000000100000000)
  eden space 33280K, 0% used [0x00000000d5980000,0x00000000d5980000,0x00000000d7a00000)
  from space 5120K, 99% used [0x00000000d7a00000,0x00000000d7efb390,0x00000000d7f00000)
  to   space 5120K, 0% used [0x00000000d7f00000,0x00000000d7f00000,0x00000000d8400000)
 ParOldGen       total 87552K, used 2691K [0x0000000080c00000, 0x0000000086180000, 0x00000000d5980000)
  object space 87552K, 3% used [0x0000000080c00000,0x0000000080ea0f40,0x0000000086180000)
 Metaspace       used 17849K, capacity 18128K, committed 18432K, reserved 1064960K
  class space    used 2105K, capacity 2229K, committed 2304K, reserved 1048576K
}
Event: 69.966 GC heap before
{Heap before GC invocations=4 (full 0):
 PSYoungGen      total 38400K, used 38380K [0x00000000d5980000, 0x00000000d8400000, 0x0000000100000000)
  eden space 33280K, 100% used [0x00000000d5980000,0x00000000d7a00000,0x00000000d7a00000)
  from space 5120K, 99% used [0x00000000d7a00000,0x00000000d7efb390,0x00000000d7f00000)
  to   space 5120K, 0% used [0x00000000d7f00000,0x00000000d7f00000,0x00000000d8400000)
 ParOldGen       total 87552K, used 2691K [0x0000000080c00000, 0x0000000086180000, 0x00000000d5980000)
  object space 87552K, 3% used [0x0000000080c00000,0x0000000080ea0f40,0x0000000086180000)
 Metaspace       used 17906K, capacity 18256K, committed 18688K, reserved 1064960K
  class space    used 2105K, capacity 2229K, committed 2304K, reserved 1048576K
Event: 69.971 GC heap after
Heap after GC invocations=4 (full 0):
 PSYoungGen      total 38400K, used 5106K [0x00000000d5980000, 0x00000000d8400000, 0x0000000100000000)
  eden space 33280K, 0% used [0x00000000d5980000,0x00000000d5980000,0x00000000d7a00000)
  from space 5120K, 99% used [0x00000000d7f00000,0x00000000d83fca90,0x00000000d8400000)
  to   space 5120K, 0% used [0x00000000d7a00000,0x00000000d7a00000,0x00000000d7f00000)
 ParOldGen       total 87552K, used 3104K [0x0000000080c00000, 0x0000000086180000, 0x00000000d5980000)
  object space 87552K, 3% used [0x0000000080c00000,0x0000000080f08140,0x0000000086180000)
 Metaspace       used 17906K, capacity 18256K, committed 18688K, reserved 1064960K
  class space    used 2105K, capacity 2229K, committed 2304K, reserved 1048576K
}
Event: 70.316 GC heap before
{Heap before GC invocations=5 (full 0):
 PSYoungGen      total 38400K, used 38386K [0x00000000d5980000, 0x00000000d8400000, 0x0000000100000000)
  eden space 33280K, 100% used [0x00000000d5980000,0x00000000d7a00000,0x00000000d7a00000)
  from space 5120K, 99% used [0x00000000d7f00000,0x00000000d83fca90,0x00000000d8400000)
  to   space 5120K, 0% used [0x00000000d7a00000,0x00000000d7a00000,0x00000000d7f00000)
 ParOldGen       total 87552K, used 3104K [0x0000000080c00000, 0x0000000086180000, 0x00000000d5980000)
  object space 87552K, 3% used [0x0000000080c00000,0x0000000080f08140,0x0000000086180000)
 Metaspace       used 17921K, capacity 18256K, committed 18688K, reserved 1064960K
  class space    used 2105K, capacity 2229K, committed 2304K, reserved 1048576K
Event: 70.320 GC heap after
Heap after GC invocations=5 (full 0):
 PSYoungGen      total 37888K, used 4906K [0x00000000d5980000, 0x00000000d8780000, 0x0000000100000000)
  eden space 32768K, 0% used [0x00000000d5980000,0x00000000d5980000,0x00000000d7980000)
  from space 5120K, 95% used [0x00000000d7a00000,0x00000000d7eca900,0x00000000d7f00000)
  to   space 7168K, 0% used [0x00000000d8080000,0x00000000d8080000,0x00000000d8780000)
 ParOldGen       total 87552K, used 3112K [0x0000000080c00000, 0x0000000086180000, 0x00000000d5980000)
  object space 87552K, 3% used [0x0000000080c00000,0x0000000080f0a140,0x0000000086180000)
 Metaspace       used 17921K, capacity 18256K, committed 18688K, reserved 1064960K
  class space    used 2105K, capacity 2229K, committed 2304K, reserved 1048576K
}

Deoptimization events (10 events):
Event: 36.096 Thread 0x00000000597e7800 Uncommon trap: reason=unstable_if action=reinterpret pc=0x0000000002d3d0e0 method=java.util.Calendar.setFieldsNormalized(I)V @ 3
Event: 37.249 Thread 0x00000000597e7800 Uncommon trap: reason=bimorphic action=maybe_recompile pc=0x00000000028fde14 method=javax.swing.UIDefaults.getFromHashtable(Ljava/lang/Object;)Ljava/lang/Object; @ 126
Event: 37.310 Thread 0x00000000597e7800 Uncommon trap: reason=class_check action=maybe_recompile pc=0x0000000002cb5be0 method=sun.java2d.d3d.D3DRenderer.validateContext(Lsun/java2d/SunGraphics2D;)V @ 23
Event: 37.310 Thread 0x00000000597e7800 Uncommon trap: reason=class_check action=maybe_recompile pc=0x0000000002c5aaa4 method=sun.java2d.pipe.BufferedContext.validate(Lsun/java2d/pipe/hw/AccelSurface;Lsun/java2d/pipe/hw/AccelSurface;Lsun/java2d/pipe/Region;Ljava/awt/Composite;Ljava/awt/geom/AffiH;ݒ·B@
Event: 37.436 Thread 0x00000000597e7800 Uncommon trap: reason=unstable_if action=reinterpret pc=0x0000000002f369d8 method=javax.swing.RepaintManager.addDirtyRegion0(Ljava/awt/Container;IIII)V @ 94
Event: 37.470 Thread 0x00000000597e7800 Uncommon trap: reason=unstable_if action=reinterpret pc=0x0000000002f5cca4 method=javax.swing.RepaintManager.addDirtyRegion0(Ljava/awt/Container;IIII)V @ 94
Event: 38.629 Thread 0x00000000597e7800 Uncommon trap: reason=unstable_if action=reinterpret pc=0x0000000002ece180 method=java.awt.geom.Rectangle2D$Double.outcode(DD)I @ 27
Event: 46.056 Thread 0x0000000058b5b800 Uncommon trap: reason=unstable_if action=reinterpret pc=0x0000000002fa0818 method=java.awt.EventQueue.coalesceEvent(Ljava/awt/AWTEvent;I)Z @ 16
Event: 56.609 Thread 0x00000000597d7800 Uncommon trap: reason=unstable_if action=reinterpret pc=0x0000000002f91ea0 method=java.util.concurrent.locks.ReentrantLock$Sync.nonfairTryAcquire(I)Z @ 19
Event: 71.115 Thread 0x0000000058b5a000 Uncommon trap: reason=unstable_if action=reinterpret pc=0x0000000002f79be0 method=java.util.concurrent.locks.ReentrantLock$Sync.nonfairTryAcquire(I)Z @ 19

Internal exceptions (10 events):
Event: 0.112 Thread 0x0000000002288000 Exception <a 'java/security/PrivilegedActionException'> (0x00000000d5b33d30) thrown at [C:\re\workspace\8-2-build-windows-amd64-cygwin\jdk8u91\7017\hotspot\src\share\vm\prims\jvm.cpp, line 1386]
Event: 0.116 Thread 0x0000000002288000 Exception <a 'java/io/FileNotFoundException'> (0x00000000d5b4b190) thrown at [C:\re\workspace\8-2-build-windows-amd64-cygwin\jdk8u91\7017\hotspot\src\share\vm\prims\jni.cpp, line 709]
Event: 0.145 Thread 0x0000000002288000 Exception <a 'java/lang/NoSuchFieldError': method resolution failed> (0x00000000d5dc6de8) thrown at [C:\re\workspace\8-2-build-windows-amd64-cygwin\jdk8u91\7017\hotspot\src\share\vm\prims\methodHandles.cpp, line 1146]
Event: 0.146 Thread 0x0000000002288000 Exception <a 'java/lang/NoSuchFieldError': method resolution failed> (0x00000000d5dd4c60) thrown at [C:\re\workspace\8-2-build-windows-amd64-cygwin\jdk8u91\7017\hotspot\src\share\vm\prims\methodHandles.cpp, line 1146]
Event: 0.193 Thread 0x0000000002288000 Implicit null exception at 0x000000000275be12 to 0x000000000275bfd9
Event: 0.194 Thread 0x0000000002288000 Exception <a 'java/io/FileNotFoundException'> (0x00000000d605d510) thrown at [C:\re\workspace\8-2-build-windows-amd64-cygwin\jdk8u91\7017\hotspot\src\share\vm\prims\jni.cpp, line 709]
Event: 4.446 Thread 0x00000000597e7800 Implicit null exception at 0x000000000282a646 to 0x000000000282a979
Event: 4.449 Thread 0x00000000597e7800 Implicit null exception at 0x000000000285beaa to 0x000000000285c5b5
Event: 4.457 Thread 0x0000000059f2f800 Exception <a 'java/io/FileNotFoundException'> (0x00000000d6d0b1e0) thrown at [C:\re\workspace\8-2-build-windows-amd64-cygwin\jdk8u91\7017\hotspot\src\share\vm\prims\jni.cpp, line 709]
Event: 4.646 Thread 0x00000000597e7800 Implicit null exception at 0x000000000282526b to 0x00000000028252e1

Events (10 events):
Event: 69.989 Thread 0x00000000589b2000 flushing nmethod 0x0000000002d3cd50
Event: 70.315 Executing VM operation: ParallelGCFailedAllocation
Event: 70.321 Executing VM operation: ParallelGCFailedAllocation done
Event: 71.115 Thread 0x0000000058b5a000 Uncommon trap: trap_request=0xffffff65 fr.pc=0x0000000002f79be0
Event: 71.115 Thread 0x0000000058b5a000 DEOPT PACKING pc=0x0000000002f79be0 sp=0x0000000061d9ed90
Event: 71.116 Thread 0x0000000058b5a000 DEOPT UNPACKING pc=0x000000000262582a sp=0x0000000061d9ed10 mode 2
Event: 71.119 Thread 0x00000000597e7800 DEOPT PACKING pc=0x00000000027f6a01 sp=0x000000005b6bc8f0
Event: 71.119 Thread 0x00000000597e7800 DEOPT UNPACKING pc=0x000000000262787f sp=0x000000005b6bc618 mode 0
Event: 71.127 Thread 0x00000000597e7800 DEOPT PACKING pc=0x00000000030bbb8d sp=0x000000005b6bc700
Event: 71.127 Thread 0x00000000597e7800 DEOPT UNPACKING pc=0x000000000262787f sp=0x000000005b6bc500 mode 0


Dynamic libraries:
0x000000013faf0000 - 0x000000013fb27000 	D:\SoftWare\javaJDK\JDK8u91\bin\java.exe
0x0000000077590000 - 0x000000007773a000 	C:\Windows\SYSTEM32\ntdll.dll
0x0000000077470000 - 0x000000007758f000 	C:\Windows\system32\kernel32.dll
0x000007fefdd40000 - 0x000007fefddaa000 	C:\Windows\system32\KERNELBASE.dll
0x000007fefe290000 - 0x000007fefe36b000 	C:\Windows\system32\ADVAPI32.dll
0x000007fefe050000 - 0x000007fefe0ef000 	C:\Windows\system32\msvcrt.dll
0x000007feff880000 - 0x000007feff89f000 	C:\Windows\SYSTEM32\sechost.dll
0x000007feff750000 - 0x000007feff87d000 	C:\Windows\system32\RPCRT4.dll
0x0000000077370000 - 0x000000007746a000 	C:\Windows\system32\USER32.dll
0x000007fefe1c0000 - 0x000007fefe227000 	C:\Windows\system32\GDI32.dll
0x000007feff100000 - 0x000007feff10e000 	C:\Windows\system32\LPK.dll
0x000007feff570000 - 0x000007feff63b000 	C:\Windows\system32\USP10.dll
0x000007fefca20000 - 0x000007fefcc14000 	C:\Windows\WinSxS\amd64_microsoft.windows.common-controls_6595b64144ccf1df_6.0.7601.18837_none_fa3b1e3d17594757\COMCTL32.dll
0x000007feff4f0000 - 0x000007feff561000 	C:\Windows\system32\SHLWAPI.dll
0x000007fefe190000 - 0x000007fefe1be000 	C:\Windows\system32\IMM32.DLL
0x000007feff640000 - 0x000007feff749000 	C:\Windows\system32\MSCTF.dll
0x000000006e310000 - 0x000000006e3e2000 	D:\SoftWare\javaJDK\JDK8u91\jre\bin\msvcr100.dll
0x0000000062620000 - 0x0000000062eb3000 	D:\SoftWare\javaJDK\JDK8u91\jre\bin\server\jvm.dll
0x000007fee8300000 - 0x000007fee8309000 	C:\Windows\system32\WSOCK32.dll
0x000007feff3c0000 - 0x000007feff40d000 	C:\Windows\system32\WS2_32.dll
0x000007feff3b0000 - 0x000007feff3b8000 	C:\Windows\system32\NSI.dll
0x000007fefb770000 - 0x000007fefb7ab000 	C:\Windows\system32\WINMM.dll
0x000007fefd2e0000 - 0x000007fefd2ec000 	C:\Windows\system32\VERSION.dll
0x0000000077760000 - 0x0000000077767000 	C:\Windows\system32\PSAPI.DLL
0x000000006e4b0000 - 0x000000006e4bf000 	D:\SoftWare\javaJDK\JDK8u91\jre\bin\verify.dll
0x000000006e470000 - 0x000000006e499000 	D:\SoftWare\javaJDK\JDK8u91\jre\bin\java.dll
0x000000006e400000 - 0x000000006e423000 	D:\SoftWare\javaJDK\JDK8u91\jre\bin\instrument.dll
0x000000006e450000 - 0x000000006e466000 	D:\SoftWare\javaJDK\JDK8u91\jre\bin\zip.dll
0x000007fefe370000 - 0x000007feff0fa000 	C:\Windows\system32\SHELL32.dll
0x000007fefde50000 - 0x000007fefe04c000 	C:\Windows\system32\ole32.dll
0x000007fefda00000 - 0x000007fefda0f000 	C:\Windows\system32\profapi.dll
0x000007fef2650000 - 0x000007fef266a000 	D:\SoftWare\IntelliJ IDEA\IntelliJ IDEA 2017.1.2\bin\breakgen64.dll
0x000000006e2f0000 - 0x000000006e30a000 	D:\SoftWare\javaJDK\JDK8u91\jre\bin\net.dll
0x000007fefd0a0000 - 0x000007fefd0f5000 	C:\Windows\system32\mswsock.dll
0x000007fefd090000 - 0x000007fefd097000 	C:\Windows\System32\wship6.dll
0x000000006de30000 - 0x000000006dfc8000 	D:\SoftWare\javaJDK\JDK8u91\jre\bin\awt.dll
0x000007feff410000 - 0x000007feff4ea000 	C:\Windows\system32\OLEAUT32.dll
0x000007fefbd40000 - 0x000007fefbd96000 	C:\Windows\system32\uxtheme.dll
0x0000000180000000 - 0x00000001800c9000 	c:\program files (x86)\kingsoft\kingsoft antivirus\kwsui64.dll
0x000007fefb880000 - 0x000007fefb898000 	C:\Windows\system32\dwmapi.dll
0x000007fefd890000 - 0x000007fefd89f000 	C:\Windows\system32\CRYPTBASE.dll
0x000007fef06c0000 - 0x000007fef08bf000 	C:\Windows\system32\d3d9.dll
0x000007fef1c50000 - 0x000007fef1c57000 	C:\Windows\system32\d3d8thk.dll
0x000007feec3f0000 - 0x000007feed41f000 	C:\Windows\system32\nvd3dumx.dll
0x000007feeff40000 - 0x000007fef010c000 	C:\Windows\system32\nvspcap64.dll
0x000007feff110000 - 0x000007feff2e7000 	C:\Windows\system32\SETUPAPI.dll
0x000007fefdc20000 - 0x000007fefdc56000 	C:\Windows\system32\CFGMGR32.dll
0x000007fefddb0000 - 0x000007fefddca000 	C:\Windows\system32\DEVOBJ.dll
0x000007fef8900000 - 0x000007fef8971000 	C:\Windows\system32\WINHTTP.dll
0x000007fef8890000 - 0x000007fef88f4000 	C:\Windows\system32\webio.dll
0x000007fefb670000 - 0x000007fefb681000 	C:\Windows\system32\WTSAPI32.dll
0x000007feee450000 - 0x000007feee7fd000 	C:\Windows\system32\nvapi64.dll
0x000007fefbe10000 - 0x000007fefbe3c000 	C:\Windows\system32\powrprof.dll
0x000007feefa10000 - 0x000007feefaf1000 	C:\Program Files (x86)\NVIDIA Corporation\3D Vision\nvSCPAPI64.dll
0x000007fefdc60000 - 0x000007fefdc9b000 	C:\Windows\system32\WINTRUST.dll
0x000007fefdab0000 - 0x000007fefdc1d000 	C:\Windows\system32\CRYPT32.dll
0x000007fefdaa0000 - 0x000007fefdaaf000 	C:\Windows\system32\MSASN1.dll
0x000000006e140000 - 0x000000006e187000 	D:\SoftWare\javaJDK\JDK8u91\jre\bin\fontmanager.dll
0x000000006e190000 - 0x000000006e1a1000 	D:\SoftWare\javaJDK\JDK8u91\jre\bin\nio.dll
0x000000006dde0000 - 0x000000006de22000 	D:\SoftWare\javaJDK\JDK8u91\jre\bin\t2k.dll
0x000007fef2620000 - 0x000007fef264b000 	D:\SoftWare\javaJDK\JDK8u91\bin\Jpcap.dll
0x00000000123e0000 - 0x0000000012445000 	C:\Windows\system32\wpcap.dll
0x0000000002210000 - 0x000000000222f000 	C:\Windows\system32\packet.dll
0x000007fefc980000 - 0x000007fefc9a7000 	C:\Windows\system32\iphlpapi.dll
0x000007fefcce0000 - 0x000007fefcceb000 	C:\Windows\system32\WINNSI.DLL
0x000007fefc760000 - 0x000007fefc771000 	C:\Windows\system32\dhcpcsvc6.DLL
0x000007fefc710000 - 0x000007fefc728000 	C:\Windows\system32\dhcpcsvc.DLL
0x000007fefe0f0000 - 0x000007fefe189000 	C:\Windows\system32\CLBCatQ.DLL
0x000007fefb240000 - 0x000007fefb36a000 	C:\Windows\system32\WindowsCodecs.dll
0x000007fefd980000 - 0x000007fefd9d7000 	C:\Windows\system32\apphelp.dll
0x000007fef7390000 - 0x000007fef7a01000 	C:\PROGRA~1\MICROS~1\Office14\GROOVEEX.DLL
0x0000000071da0000 - 0x0000000071e43000 	C:\Windows\WinSxS\amd64_microsoft.vc90.crt_1fc8b3b9a1e18e3b_9.0.30729.6161_none_08e61857a83bc251\MSVCR90.dll
0x0000000071cc0000 - 0x0000000071d93000 	C:\Windows\WinSxS\amd64_microsoft.vc90.crt_1fc8b3b9a1e18e3b_9.0.30729.6161_none_08e61857a83bc251\MSVCP90.dll
0x0000000071c90000 - 0x0000000071cbf000 	C:\Windows\WinSxS\amd64_microsoft.vc90.atl_1fc8b3b9a1e18e3b_9.0.30729.6161_none_0a1fd3a3a768b895\ATL90.DLL
0x000007fef6f80000 - 0x000007fef738f000 	C:\PROGRA~1\COMMON~1\MICROS~1\OFFICE14\Cultures\office.odf
0x000007fef6770000 - 0x000007fef6f7f000 	C:\PROGRA~1\MICROS~1\Office14\2052\GrooveIntlResource.dll
0x000000006ddb0000 - 0x000000006ddda000 	D:\SoftWare\javaJDK\JDK8u91\jre\bin\dcpr.dll
0x000007fee8170000 - 0x000007fee8210000 	C:\Windows\WinSxS\amd64_microsoft.windows.common-controls_6595b64144ccf1df_5.82.7601.18837_none_a4d981ff711297b6\comctl32.dll
0x000007fef14f0000 - 0x000007fef1615000 	C:\Windows\system32\dbghelp.dll

VM Arguments:
jvm_args: -javaagent:D:\SoftWare\IntelliJ IDEA\IntelliJ IDEA 2017.1.2\lib\idea_rt.jar=10554:D:\SoftWare\IntelliJ IDEA\IntelliJ IDEA 2017.1.2\bin -Dfile.encoding=UTF-8 
java_command: cn.seu.edu.LANComm.ui.MainFrame
java_class_path (initial): D:\SoftWare\javaJDK\JDK8u91\jre\lib\charsets.jar;D:\SoftWare\javaJDK\JDK8u91\jre\lib\deploy.jar;D:\SoftWare\javaJDK\JDK8u91\jre\lib\ext\access-bridge-64.jar;D:\SoftWare\javaJDK\JDK8u91\jre\lib\ext\cldrdata.jar;D:\SoftWare\javaJDK\JDK8u91\jre\lib\ext\dnsns.jar;D:\SoftWare\javaJDK\JDK8u91\jre\lib\ext\jaccess.jar;D:\SoftWare\javaJDK\JDK8u91\jre\lib\ext\jfxrt.jar;D:\SoftWare\javaJDK\JDK8u91\jre\lib\ext\localedata.jar;D:\SoftWare\javaJDK\JDK8u91\jre\lib\ext\nashorn.jar;D:\SoftWare\javaJDK\JDK8u91\jre\lib\ext\sunec.jar;D:\SoftWare\javaJDK\JDK8u91\jre\lib\ext\sunjce_provider.jar;D:\SoftWare\javaJDK\JDK8u91\jre\lib\ext\sunmscapi.jar;D:\SoftWare\javaJDK\JDK8u91\jre\lib\ext\sunpkcs11.jar;D:\SoftWare\javaJDK\JDK8u91\jre\lib\ext\zipfs.jar;D:\SoftWare\javaJDK\JDK8u91\jre\lib\javaws.jar;D:\SoftWare\javaJDK\JDK8u91\jre\lib\jce.jar;D:\SoftWare\javaJDK\JDK8u91\jre\lib\jfr.jar;D:\SoftWare\javaJDK\JDK8u91\jre\lib\jfxswt.jar;D:\SoftWare\javaJDK\JDK8u91\jre\lib\jsse.jar;D:\SoftWare\javaJDK\JDK8u91\jre\lib\management-agent.jar;D:\SoftWare\javaJDK\JDK8u91\jre\lib\plugin.jar;D:\SoftWare\javaJDK\JDK8u91\jre\lib\resources.jar;D:\SoftWare\javaJDK\JDK8u91\jre\lib\rt.jar;F:\seuLANComm\target\classes;C:\Users\Administrator\.m2\repository\jfree\jfreechart\1.0.13\jfreechart-1.0.13.jar;C:\Users\Administrator\.m2\repository\jfree\jcommon\1.0.16\jcommon-1.0.16.jar;C:\Users\Administrator\.m2\repository\log4j\log4j\1.2.17\log4j-1.2.17.jar;F:\seuLANCommZL\jpcap.jar;F:\UART\jfreechart-1.0.13\jfreechart-1.0.13\jfreechart-1.0.13-demo.jar;D:\SoftWare\IntelliJ IDEA\IntelliJ IDEA 2017.1.2\lib\idea_rt.jar
Launcher Type: SUN_STANDARD

Environment Variables:
JAVA_HOME=D:\SoftWare\javaJDK\JDK8u91
CLASSPATH=.;D:\SoftWare\javaJDK\JDK8u91\lib;D:\SoftWare\javaJDK\JDK8u91\lib\tools.jar;D:\SoftWare\Tomcat\apache-tomcat-6.0.45\lib\servlet-api.jar
PATH=D:\SoftWare\Oracle11gdatabase\product\11.2.0\dbhome_1\bin;C:\ProgramData\Oracle\Java\javapath;C:\Windows\system32;C:\Windows;C:\Windows\System32\Wbem;C:\Windows\System32\WindowsPowerShell\v1.0\;D:\SoftWare\Matlab\runtime\win64;D:\SoftWare\Matlab\bin;D:\SoftWare\Matlab\polyspace\bin;C:\Program Files (x86)\Windows Kits\8.1\Windows Performance Toolkit\;C:\Program Files (x86)\Microsoft SDKs\TypeScript\1.0\;D:\SoftWare\javaJDK\JDK8u91\bin;D:\SoftWare\javaJDK\JDK8u91\jre\bin;C:\Program Files (x86)\Microsoft SQL Server\100\Tools\Binn\;C:\Program Files\Microsoft SQL Server\100\Tools\Binn\;C:\Program Files\Microsoft SQL Server\100\DTS\Binn\;C:\Program Files (x86)\Microsoft SQL Server\100\Tools\Binn\VSShell\Common7\IDE\;C:\Program Files (x86)\Microsoft SQL Server\100\DTS\Binn\;C:\Program Files (x86)\Microsoft Visual Studio 9.0\Common7\IDE\PrivateAssemblies\;C:\Program Files (x86)\NVIDIA Corporation\PhysX\Common;D:\SoftWare\msysgit\Git\cmd;C:\Program Files\MySQL\MySQL Utilities 1.6\;D:\SoftWare\ThirdPart4Java\Maven350\apache-maven-3.5.0\bin;D:\SoftWare\CMake\bin;C:\server;D:\SoftWare\Python35\Scripts\;D:\SoftWare\Python35\;D:\SoftWare\VSCode\Microsoft VS Code\bin;D:\SoftWare\Modelsim\win64;D:\SoftWare\ThirdPart4Java\Maven350\apache-maven-3.5.0\bin
USERNAME=Administrator
OS=Windows_NT
PROCESSOR_IDENTIFIER=Intel64 Family 6 Model 60 Stepping 3, GenuineIntel



---------------  S Y S T E M  ---------------

OS: Windows 7 , 64 bit Build 7601 (6.1.7601.23915)

CPU:total 4 (4 cores per cpu, 1 threads per core) family 6 model 60 stepping 3, cmov, cx8, fxsr, mmx, sse, sse2, sse3, ssse3, sse4.1, sse4.2, popcnt, avx, avx2, aes, clmul, erms, lzcnt, tsc, tscinvbit, bmi1, bmi2

Memory: 4k page, physical 8334220k(1850696k free), swap 16666580k(8385220k free)

vm_info: Java HotSpot(TM) 64-Bit Server VM (25.91-b15) for windows-amd64 JRE (1.8.0_91-b15), built on May 20 2016 17:43:15 by "java_re" with MS VC++ 10.0 (VS2010)

time: Sun Mar 18 22:25:20 2018
elapsed time: 71 seconds (0d 0h 1m 11s)

