#
# A fatal error has been detected by the Java Runtime Environment:
#
#  Internal Error (safepoint.cpp:712), pid=27916, tid=28072
#  fatal error: Illegal threadstate encountered: 4
#
# JRE version: Java(TM) SE Runtime Environment (8.0_91-b15) (build 1.8.0_91-b15)
# Java VM: Java HotSpot(TM) 64-Bit Server VM (25.91-b15 mixed mode windows-amd64 compressed oops)
# Failed to write core dump. Minidumps are not enabled by default on client versions of Windows
#
# If you would like to submit a bug report, please visit:
#   http://bugreport.java.com/bugreport/crash.jsp
# The crash happened outside the Java Virtual Machine in native code.
# See problematic frame for where to report the bug.
#

---------------  T H R E A D  ---------------

Current thread (0x0000000058df4800):  JavaThread "Thread-13" [_thread_in_native, id=28072, stack(0x000000005ee90000,0x000000005ef90000)]

Stack: [0x000000005ee90000,0x000000005ef90000]
[error occurred during error reporting (printing stack bounds), id 0xc0000005]

Native frames: (J=compiled Java code, j=interpreted, Vv=VM code, C=native code)

Java frames: (J=compiled Java code, j=interpreted, Vv=VM code)
j  jpcap.JpcapCaptor.loopPacket(ILjpcap/PacketReceiver;)I+0
j  cn.seu.edu.LANComm.communication.receiver.DataReceiver.run()V+37
j  java.lang.Thread.run()V+11
v  ~StubRoutines::call_stub

---------------  P R O C E S S  ---------------

Java Threads: ( => current thread )
  0x000000005d8b8000 JavaThread "Thread-44" [_thread_blocked, id=24392, stack(0x0000000065760000,0x0000000065860000)]
  0x0000000058df2800 JavaThread "Thread-43" [_thread_blocked, id=24656, stack(0x0000000061480000,0x0000000061580000)]
  0x000000005d5c0000 JavaThread "Thread-42" [_thread_in_vm, id=26664, stack(0x00000000655d0000,0x00000000656d0000)]
  0x000000005d5ba000 JavaThread "Thread-41" [_thread_blocked, id=28160, stack(0x0000000062f10000,0x0000000063010000)]
  0x000000005d5bf000 JavaThread "Thread-40" [_thread_blocked, id=28324, stack(0x0000000064cb0000,0x0000000064db0000)]
  0x000000005d5b9000 JavaThread "Thread-38" [_thread_blocked, id=25812, stack(0x0000000063430000,0x0000000063530000)]
  0x000000005d5bd800 JavaThread "Thread-36" [_thread_blocked, id=27444, stack(0x0000000064aa0000,0x0000000064ba0000)]
  0x000000005d5ba800 JavaThread "Thread-33" [_thread_blocked, id=28632, stack(0x000000005e2e0000,0x000000005e3e0000)]
  0x000000005d5bc000 JavaThread "Thread-29" [_thread_blocked, id=28200, stack(0x0000000063850000,0x0000000063950000)]
  0x000000005d5bb800 JavaThread "Thread-28" [_thread_blocked, id=26104, stack(0x0000000063750000,0x0000000063850000)]
  0x0000000058df7800 JavaThread "Thread-27" [_thread_blocked, id=26208, stack(0x0000000063590000,0x0000000063690000)]
  0x0000000058df6000 JavaThread "Thread-24" [_thread_blocked, id=27376, stack(0x0000000060eb0000,0x0000000060fb0000)]
  0x0000000058df4000 JavaThread "Thread-19" [_thread_blocked, id=25616, stack(0x0000000060100000,0x0000000060200000)]
  0x0000000058df5800 JavaThread "Thread-14" [_thread_in_native_trans, id=27360, stack(0x000000005f080000,0x000000005f180000)]
=>0x0000000058df4800 JavaThread "Thread-13" [_thread_in_native, id=28072, stack(0x000000005ee90000,0x000000005ef90000)]
  0x0000000058df3000 JavaThread "Thread-12" [_thread_blocked, id=26648, stack(0x000000005ec40000,0x000000005ed40000)]
  0x0000000058df1000 JavaThread "Thread-9" [_thread_blocked, id=28448, stack(0x000000005e6d0000,0x000000005e7d0000)]
  0x0000000058e5a000 JavaThread "Thread-4" [_thread_blocked, id=28128, stack(0x000000005e1e0000,0x000000005e2e0000)]
  0x000000005dfc7000 JavaThread "D3D Screen Updater" daemon [_thread_blocked, id=28172, stack(0x0000000060230000,0x0000000060330000)]
  0x0000000059b31000 JavaThread "TimerQueue" daemon [_thread_blocked, id=26312, stack(0x000000005b080000,0x000000005b180000)]
  0x0000000001d28000 JavaThread "DestroyJavaVM" [_thread_blocked, id=27752, stack(0x0000000002440000,0x0000000002540000)]
  0x000000005984c800 JavaThread "AWT-EventQueue-0" [_thread_blocked, id=27004, stack(0x000000005a3e0000,0x000000005a4e0000)]
  0x0000000059839800 JavaThread "AWT-Windows" daemon [_thread_in_native, id=28016, stack(0x000000005a4e0000,0x000000005a5e0000)]
  0x0000000059839000 JavaThread "AWT-Shutdown" [_thread_blocked, id=27576, stack(0x000000005a280000,0x000000005a380000)]
  0x0000000059837000 JavaThread "Java2D Disposer" daemon [_thread_blocked, id=28020, stack(0x000000005a060000,0x000000005a160000)]
  0x0000000058c0b000 JavaThread "Service Thread" daemon [_thread_blocked, id=23144, stack(0x0000000059480000,0x0000000059580000)]
  0x0000000058b72800 JavaThread "C1 CompilerThread2" daemon [_thread_blocked, id=26288, stack(0x0000000059340000,0x0000000059440000)]
  0x0000000058b71000 JavaThread "C2 CompilerThread1" daemon [_thread_blocked, id=25008, stack(0x0000000059240000,0x0000000059340000)]
  0x0000000058b70000 JavaThread "C2 CompilerThread0" daemon [_thread_blocked, id=27196, stack(0x00000000590e0000,0x00000000591e0000)]
  0x0000000058b35800 JavaThread "Monitor Ctrl-Break" daemon [_thread_in_native, id=24964, stack(0x0000000058fb0000,0x00000000590b0000)]
  0x0000000058a9b800 JavaThread "Attach Listener" daemon [_thread_blocked, id=27956, stack(0x0000000058870000,0x0000000058970000)]
  0x0000000058a9a800 JavaThread "Signal Dispatcher" daemon [_thread_blocked, id=27952, stack(0x0000000058480000,0x0000000058580000)]
  0x000000005755e000 JavaThread "Finalizer" daemon [_thread_blocked, id=28492, stack(0x0000000058990000,0x0000000058a90000)]
  0x0000000057517000 JavaThread "Reference Handler" daemon [_thread_blocked, id=27256, stack(0x0000000058750000,0x0000000058850000)]

Other Threads:
  0x000000005750f800 VMThread [stack: 0x00000000585d0000,0x00000000586d0000] [id=28548]
  0x0000000058c1d800 WatcherThread [stack: 0x0000000059710000,0x0000000059810000] [id=28192]

VM state:synchronizing (normal execution)

VM Mutex/Monitor currently owned by a thread:  ([mutex/lock_event])
[0x000000000059dd40] Threads_lock - owner thread: 0x000000005750f800

Heap:
 PSYoungGen      total 41472K, used 18163K [0x00000000d5980000, 0x00000000d8780000, 0x0000000100000000)
  eden space 37888K, 39% used [0x00000000d5980000,0x00000000d6810860,0x00000000d7e80000)
  from space 3584K, 90% used [0x00000000d7f80000,0x00000000d82ac430,0x00000000d8300000)
  to   space 4608K, 0% used [0x00000000d8300000,0x00000000d8300000,0x00000000d8780000)
 ParOldGen       total 87552K, used 18629K [0x0000000080c00000, 0x0000000086180000, 0x00000000d5980000)
  object space 87552K, 21% used [0x0000000080c00000,0x0000000081e31620,0x0000000086180000)
 Metaspace       used 18110K, capacity 18448K, committed 18688K, reserved 1064960K
  class space    used 2105K, capacity 2229K, committed 2304K, reserved 1048576K

Card table byte_map: [0x0000000011a00000,0x0000000011e00000] byte_map_base: 0x00000000115fa000

Marking Bits: (ParMarkBitMap*) 0x0000000062e32f70
 Begin Bits: [0x00000000127e0000, 0x00000000147b0000)
 End Bits:   [0x00000000147b0000, 0x0000000016780000)

Polling page: 0x0000000000110000

CodeCache: size=245760Kb used=11637Kb max_used=11772Kb free=234122Kb
 bounds [0x0000000002640000, 0x0000000003200000, 0x0000000011640000]
 total_blobs=3841 nmethods=3236 adapters=515
 compilation: enabled

Compilation events (10 events):
Event: 64.661 Thread 0x0000000058b71000 3714       4       java.awt.Component::isLightweight (8 bytes)
Event: 64.661 Thread 0x0000000058b70000 3715       4       java.util.IdentityHashMap::maskNull (12 bytes)
Event: 64.661 Thread 0x0000000058b70000 nmethod 3715 0x0000000002b7d550 code [0x0000000002b7d680, 0x0000000002b7d6d8]
Event: 64.661 Thread 0x0000000058b71000 nmethod 3714 0x0000000002e7ae50 code [0x0000000002e7af80, 0x0000000002e7b038]
Event: 73.841 Thread 0x0000000058b71000 3716       4       java.util.concurrent.locks.AbstractQueuedSynchronizer::enq (58 bytes)
Event: 73.843 Thread 0x0000000058b71000 nmethod 3716 0x0000000002e1dc50 code [0x0000000002e1dda0, 0x0000000002e1df68]
Event: 74.614 Thread 0x0000000058b70000 3717       4       java.util.concurrent.locks.AbstractQueuedSynchronizer$ConditionObject::addConditionWaiter (64 bytes)
Event: 74.615 Thread 0x0000000058b70000 nmethod 3717 0x0000000002c77110 code [0x0000000002c77260, 0x0000000002c773c8]
Event: 76.396 Thread 0x0000000058b71000 3718   !   4       java.util.concurrent.locks.AbstractQueuedSynchronizer::fullyRelease (54 bytes)
Event: 76.398 Thread 0x0000000058b71000 nmethod 3718 0x00000000031c9190 code [0x00000000031c92e0, 0x00000000031c94a8]

GC Heap History (10 events):
Event: 62.714 GC heap before
{Heap before GC invocations=31 (full 0):
 PSYoungGen      total 47104K, used 45168K [0x00000000d5980000, 0x00000000d8d80000, 0x0000000100000000)
  eden space 43008K, 100% used [0x00000000d5980000,0x00000000d8380000,0x00000000d8380000)
  from space 4096K, 52% used [0x00000000d8980000,0x00000000d8b9c120,0x00000000d8d80000)
  to   space 5120K, 0% used [0x00000000d8380000,0x00000000d8380000,0x00000000d8880000)
 ParOldGen       total 87552K, used 17411K [0x0000000080c00000, 0x0000000086180000, 0x00000000d5980000)
  object space 87552K, 19% used [0x0000000080c00000,0x0000000081d00fb8,0x0000000086180000)
 Metaspace       used 18091K, capacity 18384K, committed 18688K, reserved 1064960K
  class space    used 2105K, capacity 2229K, committed 2304K, reserved 1048576K
Event: 62.716 GC heap after
Heap after GC invocations=31 (full 0):
 PSYoungGen      total 43520K, used 1408K [0x00000000d5980000, 0x00000000d8c80000, 0x0000000100000000)
  eden space 41984K, 0% used [0x00000000d5980000,0x00000000d5980000,0x00000000d8280000)
  from space 1536K, 91% used [0x00000000d8380000,0x00000000d84e0000,0x00000000d8500000)
  to   space 5120K, 0% used [0x00000000d8780000,0x00000000d8780000,0x00000000d8c80000)
 ParOldGen       total 87552K, used 17539K [0x0000000080c00000, 0x0000000086180000, 0x00000000d5980000)
  object space 87552K, 20% used [0x0000000080c00000,0x0000000081d20dd8,0x0000000086180000)
 Metaspace       used 18091K, capacity 18384K, committed 18688K, reserved 1064960K
  class space    used 2105K, capacity 2229K, committed 2304K, reserved 1048576K
}
Event: 62.918 GC heap before
{Heap before GC invocations=32 (full 0):
 PSYoungGen      total 43520K, used 43392K [0x00000000d5980000, 0x00000000d8c80000, 0x0000000100000000)
  eden space 41984K, 100% used [0x00000000d5980000,0x00000000d8280000,0x00000000d8280000)
  from space 1536K, 91% used [0x00000000d8380000,0x00000000d84e0000,0x00000000d8500000)
  to   space 5120K, 0% used [0x00000000d8780000,0x00000000d8780000,0x00000000d8c80000)
 ParOldGen       total 87552K, used 17539K [0x0000000080c00000, 0x0000000086180000, 0x00000000d5980000)
  object space 87552K, 20% used [0x0000000080c00000,0x0000000081d20e00,0x0000000086180000)
 Metaspace       used 18091K, capacity 18384K, committed 18688K, reserved 1064960K
  class space    used 2105K, capacity 2229K, committed 2304K, reserved 1048576K
Event: 62.921 GC heap after
Heap after GC invocations=32 (full 0):
 PSYoungGen      total 44032K, used 1632K [0x00000000d5980000, 0x00000000d8a80000, 0x0000000100000000)
  eden space 40960K, 0% used [0x00000000d5980000,0x00000000d5980000,0x00000000d8180000)
  from space 3072K, 53% used [0x00000000d8780000,0x00000000d8918000,0x00000000d8a80000)
  to   space 4608K, 0% used [0x00000000d8180000,0x00000000d8180000,0x00000000d8600000)
 ParOldGen       total 87552K, used 18403K [0x0000000080c00000, 0x0000000086180000, 0x00000000d5980000)
  object space 87552K, 21% used [0x0000000080c00000,0x0000000081df8e00,0x0000000086180000)
 Metaspace       used 18091K, capacity 18384K, committed 18688K, reserved 1064960K
  class space    used 2105K, capacity 2229K, committed 2304K, reserved 1048576K
}
Event: 63.078 GC heap before
{Heap before GC invocations=33 (full 0):
 PSYoungGen      total 44032K, used 42592K [0x00000000d5980000, 0x00000000d8a80000, 0x0000000100000000)
  eden space 40960K, 100% used [0x00000000d5980000,0x00000000d8180000,0x00000000d8180000)
  from space 3072K, 53% used [0x00000000d8780000,0x00000000d8918000,0x00000000d8a80000)
  to   space 4608K, 0% used [0x00000000d8180000,0x00000000d8180000,0x00000000d8600000)
 ParOldGen       total 87552K, used 18405K [0x0000000080c00000, 0x0000000086180000, 0x00000000d5980000)
  object space 87552K, 21% used [0x0000000080c00000,0x0000000081df9620,0x0000000086180000)
 Metaspace       used 18091K, capacity 18384K, committed 18688K, reserved 1064960K
  class space    used 2105K, capacity 2229K, committed 2304K, reserved 1048576K
Event: 63.080 GC heap after
Heap after GC invocations=33 (full 0):
 PSYoungGen      total 41472K, used 1216K [0x00000000d5980000, 0x00000000d8980000, 0x0000000100000000)
  eden space 39936K, 0% used [0x00000000d5980000,0x00000000d5980000,0x00000000d8080000)
  from space 1536K, 79% used [0x00000000d8180000,0x00000000d82b0000,0x00000000d8300000)
  to   space 4608K, 0% used [0x00000000d8500000,0x00000000d8500000,0x00000000d8980000)
 ParOldGen       total 87552K, used 18501K [0x0000000080c00000, 0x0000000086180000, 0x00000000d5980000)
  object space 87552K, 21% used [0x0000000080c00000,0x0000000081e11620,0x0000000086180000)
 Metaspace       used 18091K, capacity 18384K, committed 18688K, reserved 1064960K
  class space    used 2105K, capacity 2229K, committed 2304K, reserved 1048576K
}
Event: 63.309 GC heap before
{Heap before GC invocations=34 (full 0):
 PSYoungGen      total 41472K, used 41152K [0x00000000d5980000, 0x00000000d8980000, 0x0000000100000000)
  eden space 39936K, 100% used [0x00000000d5980000,0x00000000d8080000,0x00000000d8080000)
  from space 1536K, 79% used [0x00000000d8180000,0x00000000d82b0000,0x00000000d8300000)
  to   space 4608K, 0% used [0x00000000d8500000,0x00000000d8500000,0x00000000d8980000)
 ParOldGen       total 87552K, used 18501K [0x0000000080c00000, 0x0000000086180000, 0x00000000d5980000)
  object space 87552K, 21% used [0x0000000080c00000,0x0000000081e11620,0x0000000086180000)
 Metaspace       used 18092K, capacity 18384K, committed 18688K, reserved 1064960K
  class space    used 2105K, capacity 2229K, committed 2304K, reserved 1048576K
Event: 63.312 GC heap after
Heap after GC invocations=34 (full 0):
 PSYoungGen      total 41472K, used 1760K [0x00000000d5980000, 0x00000000d8780000, 0x0000000100000000)
  eden space 38912K, 0% used [0x00000000d5980000,0x00000000d5980000,0x00000000d7f80000)
  from space 2560K, 68% used [0x00000000d8500000,0x00000000d86b8000,0x00000000d8780000)
  to   space 4096K, 0% used [0x00000000d7f80000,0x00000000d7f80000,0x00000000d8380000)
 ParOldGen       total 87552K, used 18549K [0x0000000080c00000, 0x0000000086180000, 0x00000000d5980000)
  object space 87552K, 21% used [0x0000000080c00000,0x0000000081e1d620,0x0000000086180000)
 Metaspace       used 18092K, capacity 18384K, committed 18688K, reserved 1064960K
  class space    used 2105K, capacity 2229K, committed 2304K, reserved 1048576K
}
Event: 63.565 GC heap before
{Heap before GC invocations=35 (full 0):
 PSYoungGen      total 41472K, used 40672K [0x00000000d5980000, 0x00000000d8780000, 0x0000000100000000)
  eden space 38912K, 100% used [0x00000000d5980000,0x00000000d7f80000,0x00000000d7f80000)
  from space 2560K, 68% used [0x00000000d8500000,0x00000000d86b8000,0x00000000d8780000)
  to   space 4096K, 0% used [0x00000000d7f80000,0x00000000d7f80000,0x00000000d8380000)
 ParOldGen       total 87552K, used 18549K [0x0000000080c00000, 0x0000000086180000, 0x00000000d5980000)
  object space 87552K, 21% used [0x0000000080c00000,0x0000000081e1d620,0x0000000086180000)
 Metaspace       used 18102K, capacity 18448K, committed 18688K, reserved 1064960K
  class space    used 2105K, capacity 2229K, committed 2304K, reserved 1048576K
Event: 63.567 GC heap after
Heap after GC invocations=35 (full 0):
 PSYoungGen      total 41472K, used 3249K [0x00000000d5980000, 0x00000000d8780000, 0x0000000100000000)
  eden space 37888K, 0% used [0x00000000d5980000,0x00000000d5980000,0x00000000d7e80000)
  from space 3584K, 90% used [0x00000000d7f80000,0x00000000d82ac430,0x00000000d8300000)
  to   space 4608K, 0% used [0x00000000d8300000,0x00000000d8300000,0x00000000d8780000)
 ParOldGen       total 87552K, used 18629K [0x0000000080c00000, 0x0000000086180000, 0x00000000d5980000)
  object space 87552K, 21% used [0x0000000080c00000,0x0000000081e31620,0x0000000086180000)
 Metaspace       used 18102K, capacity 18448K, committed 18688K, reserved 1064960K
  class space    used 2105K, capacity 2229K, committed 2304K, reserved 1048576K
}

Deoptimization events (10 events):
Event: 46.508 Thread 0x000000005984c800 Uncommon trap: reason=unstable_if action=reinterpret pc=0x000000000319b510 method=java.awt.font.FontRenderContext.equals(Ljava/awt/font/FontRenderContext;)Z @ 53
Event: 46.509 Thread 0x000000005984c800 Uncommon trap: reason=unstable_if action=reinterpret pc=0x00000000029344ec method=java.awt.font.FontRenderContext.equals(Ljava/awt/font/FontRenderContext;)Z @ 53
Event: 46.510 Thread 0x000000005984c800 Uncommon trap: reason=unstable_if action=reinterpret pc=0x00000000031a2528 method=java.awt.font.FontRenderContext.equals(Ljava/awt/font/FontRenderContext;)Z @ 53
Event: 46.513 Thread 0x000000005984c800 Uncommon trap: reason=unstable_if action=reinterpret pc=0x00000000031826a4 method=java.awt.font.FontRenderContext.equals(Ljava/awt/font/FontRenderContext;)Z @ 53
Event: 46.536 Thread 0x000000005984c800 Uncommon trap: reason=unstable_if action=reinterpret pc=0x000000000304178c method=sun.dc.DuctusRenderingEngine.getAATileGenerator(Ljava/awt/Shape;Ljava/awt/geom/AffineTransform;Lsun/java2d/pipe/Region;Ljava/awt/BasicStroke;ZZ[I)Lsun/java2d/pipe/AATileGener9àUk™DG@
Event: 46.536 Thread 0x000000005984c800 Uncommon trap: reason=unstable_if action=reinterpret pc=0x000000000312cbc4 method=sun.java2d.pipe.AAShapePipe.renderPath(Lsun/java2d/SunGraphics2D;Ljava/awt/Shape;Ljava/awt/BasicStroke;)V @ 69
Event: 46.559 Thread 0x000000005984c800 Uncommon trap: reason=class_check action=maybe_recompile pc=0x0000000002ccceac method=sun.java2d.pipe.BufferedContext.validate(Lsun/java2d/pipe/hw/AccelSurface;Lsun/java2d/pipe/hw/AccelSurface;Lsun/java2d/pipe/Region;Ljava/awt/Composite;Ljava/awt/geom/Affi¬}4^H@
Event: 48.245 Thread 0x000000005984c800 Uncommon trap: reason=unstable_if action=reinterpret pc=0x00000000028d2190 method=java.io.BufferedOutputStream.write([BII)V @ 6
Event: 58.066 Thread 0x000000005984c800 Uncommon trap: reason=unstable_if action=reinterpret pc=0x0000000002fbecac method=sun.awt.PostEventQueue.flush()V @ 23
Event: 63.637 Thread 0x000000005984c800 Uncommon trap: reason=class_check action=maybe_recompile pc=0x0000000002ccceac method=sun.java2d.pipe.BufferedContext.validate(Lsun/java2d/pipe/hw/AccelSurface;Lsun/java2d/pipe/hw/AccelSurface;Lsun/java2d/pipe/Region;Ljava/awt/Composite;Ljava/awt/geom/Affi>uAG@

Internal exceptions (10 events):
Event: 74.230 Thread 0x0000000058df5800 Exception <a 'java/lang/StackOverflowError'> (0x00000000d67f2e88) thrown at [C:\re\workspace\8-2-build-windows-amd64-cygwin\jdk8u91\7017\hotspot\src\share\vm\runtime\javaCalls.cpp, line 386]
Event: 74.230 Thread 0x0000000058df5800 Exception <a 'java/lang/StackOverflowError'> (0x00000000d67f2ea8) thrown at [C:\re\workspace\8-2-build-windows-amd64-cygwin\jdk8u91\7017\hotspot\src\share\vm\runtime\javaCalls.cpp, line 386]
Event: 74.230 Thread 0x0000000058df5800 Exception <a 'java/lang/StackOverflowError'> (0x00000000d67f2ec8) thrown at [C:\re\workspace\8-2-build-windows-amd64-cygwin\jdk8u91\7017\hotspot\src\share\vm\runtime\javaCalls.cpp, line 386]
Event: 74.230 Thread 0x0000000058df5800 Exception <a 'java/lang/StackOverflowError'> (0x00000000d67f2f18) thrown at [C:\re\workspace\8-2-build-windows-amd64-cygwin\jdk8u91\7017\hotspot\src\share\vm\runtime\javaCalls.cpp, line 386]
Event: 74.230 Thread 0x0000000058df5800 Exception <a 'java/lang/StackOverflowError'> (0x00000000d67f2f80) thrown at [C:\re\workspace\8-2-build-windows-amd64-cygwin\jdk8u91\7017\hotspot\src\share\vm\runtime\javaCalls.cpp, line 386]
Event: 74.230 Thread 0x0000000058df5800 Exception <a 'java/lang/StackOverflowError'> (0x00000000d67f2fa0) thrown at [C:\re\workspace\8-2-build-windows-amd64-cygwin\jdk8u91\7017\hotspot\src\share\vm\runtime\javaCalls.cpp, line 386]
Event: 74.230 Thread 0x0000000058df5800 Exception <a 'java/lang/StackOverflowError'> (0x00000000d67f2fe0) thrown at [C:\re\workspace\8-2-build-windows-amd64-cygwin\jdk8u91\7017\hotspot\src\share\vm\runtime\javaCalls.cpp, line 386]
Event: 74.230 Thread 0x0000000058df5800 Exception <a 'java/lang/StackOverflowError'> (0x00000000d67f31a8) thrown at [C:\re\workspace\8-2-build-windows-amd64-cygwin\jdk8u91\7017\hotspot\src\share\vm\runtime\javaCalls.cpp, line 386]
Event: 74.230 Thread 0x0000000058df5800 Exception <a 'java/lang/StackOverflowError'> (0x00000000d67f31c8) thrown at [C:\re\workspace\8-2-build-windows-amd64-cygwin\jdk8u91\7017\hotspot\src\share\vm\runtime\javaCalls.cpp, line 386]
Event: 74.230 Thread 0x0000000058df5800 Exception <a 'java/lang/StackOverflowError'> (0x00000000d67f31e8) thrown at [C:\re\workspace\8-2-build-windows-amd64-cygwin\jdk8u91\7017\hotspot\src\share\vm\runtime\javaCalls.cpp, line 386]

Events (10 events):
Event: 63.614 Thread 0x000000005d5be800 Thread exited: 0x000000005d5be800
Event: 63.637 Thread 0x000000005984c800 Uncommon trap: trap_request=0xffffffde fr.pc=0x0000000002ccceac
Event: 63.637 Thread 0x000000005984c800 DEOPT PACKING pc=0x0000000002ccceac sp=0x000000005a4d99f0
Event: 63.637 Thread 0x000000005984c800 DEOPT UNPACKING pc=0x000000000268582a sp=0x000000005a4d9988 mode 2
Event: 63.638 Executing VM operation: RevokeBias
Event: 63.638 Executing VM operation: RevokeBias done
Event: 63.639 Executing VM operation: BulkRevokeBias
Event: 63.640 Executing VM operation: BulkRevokeBias done
Event: 63.641 Thread 0x000000005d5bd000 Thread exited: 0x000000005d5bd000
Event: 84.229 Executing VM operation: RevokeBias


Dynamic libraries:
0x000000013f480000 - 0x000000013f4b7000 	D:\SoftWare\javaJDK\JDK8u91\bin\java.exe
0x0000000077590000 - 0x000000007773a000 	C:\Windows\SYSTEM32\ntdll.dll
0x0000000077470000 - 0x000000007758f000 	C:\Windows\system32\kernel32.dll
0x000007fefdd40000 - 0x000007fefddaa000 	C:\Windows\system32\KERNELBASE.dll
0x000007fefe290000 - 0x000007fefe36b000 	C:\Windows\system32\ADVAPI32.dll
0x000007fefe050000 - 0x000007fefe0ef000 	C:\Windows\system32\msvcrt.dll
0x000007feff880000 - 0x000007feff89f000 	C:\Windows\SYSTEM32\sechost.dll
0x000007feff750000 - 0x000007feff87d000 	C:\Windows\system32\RPCRT4.dll
0x0000000077370000 - 0x000000007746a000 	C:\Windows\system32\USER32.dll
0x000007fefe1c0000 - 0x000007fefe227000 	C:\Windows\system32\GDI32.dll
0x000007feff100000 - 0x000007feff10e000 	C:\Windows\system32\LPK.dll
0x000007feff570000 - 0x000007feff63b000 	C:\Windows\system32\USP10.dll
0x000007fefca20000 - 0x000007fefcc14000 	C:\Windows\WinSxS\amd64_microsoft.windows.common-controls_6595b64144ccf1df_6.0.7601.18837_none_fa3b1e3d17594757\COMCTL32.dll
0x000007feff4f0000 - 0x000007feff561000 	C:\Windows\system32\SHLWAPI.dll
0x000007fefe190000 - 0x000007fefe1be000 	C:\Windows\system32\IMM32.DLL
0x000007feff640000 - 0x000007feff749000 	C:\Windows\system32\MSCTF.dll
0x000000006e310000 - 0x000000006e3e2000 	D:\SoftWare\javaJDK\JDK8u91\jre\bin\msvcr100.dll
0x0000000062620000 - 0x0000000062eb3000 	D:\SoftWare\javaJDK\JDK8u91\jre\bin\server\jvm.dll
0x000007fee8300000 - 0x000007fee8309000 	C:\Windows\system32\WSOCK32.dll
0x000007feff3c0000 - 0x000007feff40d000 	C:\Windows\system32\WS2_32.dll
0x000007feff3b0000 - 0x000007feff3b8000 	C:\Windows\system32\NSI.dll
0x000007fefb770000 - 0x000007fefb7ab000 	C:\Windows\system32\WINMM.dll
0x000007fefd2e0000 - 0x000007fefd2ec000 	C:\Windows\system32\VERSION.dll
0x0000000077760000 - 0x0000000077767000 	C:\Windows\system32\PSAPI.DLL
0x000000006e4b0000 - 0x000000006e4bf000 	D:\SoftWare\javaJDK\JDK8u91\jre\bin\verify.dll
0x000000006e470000 - 0x000000006e499000 	D:\SoftWare\javaJDK\JDK8u91\jre\bin\java.dll
0x000000006e400000 - 0x000000006e423000 	D:\SoftWare\javaJDK\JDK8u91\jre\bin\instrument.dll
0x000000006e450000 - 0x000000006e466000 	D:\SoftWare\javaJDK\JDK8u91\jre\bin\zip.dll
0x000007fefe370000 - 0x000007feff0fa000 	C:\Windows\system32\SHELL32.dll
0x000007fefde50000 - 0x000007fefe04c000 	C:\Windows\system32\ole32.dll
0x000007fefda00000 - 0x000007fefda0f000 	C:\Windows\system32\profapi.dll
0x000007fef83e0000 - 0x000007fef83fa000 	D:\SoftWare\IntelliJ IDEA\IntelliJ IDEA 2017.1.2\bin\breakgen64.dll
0x000000006e2f0000 - 0x000000006e30a000 	D:\SoftWare\javaJDK\JDK8u91\jre\bin\net.dll
0x000007fefd0a0000 - 0x000007fefd0f5000 	C:\Windows\system32\mswsock.dll
0x000007fefd090000 - 0x000007fefd097000 	C:\Windows\System32\wship6.dll
0x000000006de30000 - 0x000000006dfc8000 	D:\SoftWare\javaJDK\JDK8u91\jre\bin\awt.dll
0x000007feff410000 - 0x000007feff4ea000 	C:\Windows\system32\OLEAUT32.dll
0x000007fefbd40000 - 0x000007fefbd96000 	C:\Windows\system32\uxtheme.dll
0x0000000180000000 - 0x00000001800c9000 	c:\program files (x86)\kingsoft\kingsoft antivirus\kwsui64.dll
0x000007fefb880000 - 0x000007fefb898000 	C:\Windows\system32\dwmapi.dll
0x000007fefd890000 - 0x000007fefd89f000 	C:\Windows\system32\CRYPTBASE.dll
0x000007fef06c0000 - 0x000007fef08bf000 	C:\Windows\system32\d3d9.dll
0x000007fef1c50000 - 0x000007fef1c57000 	C:\Windows\system32\d3d8thk.dll
0x000007feec3f0000 - 0x000007feed41f000 	C:\Windows\system32\nvd3dumx.dll
0x000007feeff40000 - 0x000007fef010c000 	C:\Windows\system32\nvspcap64.dll
0x000007feff110000 - 0x000007feff2e7000 	C:\Windows\system32\SETUPAPI.dll
0x000007fefdc20000 - 0x000007fefdc56000 	C:\Windows\system32\CFGMGR32.dll
0x000007fefddb0000 - 0x000007fefddca000 	C:\Windows\system32\DEVOBJ.dll
0x000007fef8900000 - 0x000007fef8971000 	C:\Windows\system32\WINHTTP.dll
0x000007fef8890000 - 0x000007fef88f4000 	C:\Windows\system32\webio.dll
0x000007fefb670000 - 0x000007fefb681000 	C:\Windows\system32\WTSAPI32.dll
0x000007feee450000 - 0x000007feee7fd000 	C:\Windows\system32\nvapi64.dll
0x000007fefbe10000 - 0x000007fefbe3c000 	C:\Windows\system32\powrprof.dll
0x000007feefa10000 - 0x000007feefaf1000 	C:\Program Files (x86)\NVIDIA Corporation\3D Vision\nvSCPAPI64.dll
0x000007fefdc60000 - 0x000007fefdc9b000 	C:\Windows\system32\WINTRUST.dll
0x000007fefdab0000 - 0x000007fefdc1d000 	C:\Windows\system32\CRYPT32.dll
0x000007fefdaa0000 - 0x000007fefdaaf000 	C:\Windows\system32\MSASN1.dll
0x000000006e140000 - 0x000000006e187000 	D:\SoftWare\javaJDK\JDK8u91\jre\bin\fontmanager.dll
0x000000006e190000 - 0x000000006e1a1000 	D:\SoftWare\javaJDK\JDK8u91\jre\bin\nio.dll
0x000000006dde0000 - 0x000000006de22000 	D:\SoftWare\javaJDK\JDK8u91\jre\bin\t2k.dll
0x000007fef2df0000 - 0x000007fef2e1b000 	D:\SoftWare\javaJDK\JDK8u91\bin\Jpcap.dll
0x0000000002380000 - 0x00000000023e5000 	C:\Windows\system32\wpcap.dll
0x0000000002270000 - 0x000000000228f000 	C:\Windows\system32\packet.dll
0x000007fefc980000 - 0x000007fefc9a7000 	C:\Windows\system32\iphlpapi.dll
0x000007fefcce0000 - 0x000007fefcceb000 	C:\Windows\system32\WINNSI.DLL
0x000007fefc760000 - 0x000007fefc771000 	C:\Windows\system32\dhcpcsvc6.DLL
0x000007fefc710000 - 0x000007fefc728000 	C:\Windows\system32\dhcpcsvc.DLL
0x000007fefe0f0000 - 0x000007fefe189000 	C:\Windows\system32\CLBCatQ.DLL
0x000007fefb240000 - 0x000007fefb36a000 	C:\Windows\system32\WindowsCodecs.dll
0x000007fefd980000 - 0x000007fefd9d7000 	C:\Windows\system32\apphelp.dll
0x000007fef7390000 - 0x000007fef7a01000 	C:\PROGRA~1\MICROS~1\Office14\GROOVEEX.DLL
0x0000000071da0000 - 0x0000000071e43000 	C:\Windows\WinSxS\amd64_microsoft.vc90.crt_1fc8b3b9a1e18e3b_9.0.30729.6161_none_08e61857a83bc251\MSVCR90.dll
0x0000000071cc0000 - 0x0000000071d93000 	C:\Windows\WinSxS\amd64_microsoft.vc90.crt_1fc8b3b9a1e18e3b_9.0.30729.6161_none_08e61857a83bc251\MSVCP90.dll
0x0000000071c90000 - 0x0000000071cbf000 	C:\Windows\WinSxS\amd64_microsoft.vc90.atl_1fc8b3b9a1e18e3b_9.0.30729.6161_none_0a1fd3a3a768b895\ATL90.DLL
0x000007fef6f80000 - 0x000007fef738f000 	C:\PROGRA~1\COMMON~1\MICROS~1\OFFICE14\Cultures\office.odf
0x000007fef6770000 - 0x000007fef6f7f000 	C:\PROGRA~1\MICROS~1\Office14\2052\GrooveIntlResource.dll
0x000000006ddb0000 - 0x000000006ddda000 	D:\SoftWare\javaJDK\JDK8u91\jre\bin\dcpr.dll
0x000007fee8170000 - 0x000007fee8210000 	C:\Windows\WinSxS\amd64_microsoft.windows.common-controls_6595b64144ccf1df_5.82.7601.18837_none_a4d981ff711297b6\comctl32.dll

VM Arguments:
jvm_args: -javaagent:D:\SoftWare\IntelliJ IDEA\IntelliJ IDEA 2017.1.2\lib\idea_rt.jar=10599:D:\SoftWare\IntelliJ IDEA\IntelliJ IDEA 2017.1.2\bin -Dfile.encoding=UTF-8 
java_command: cn.seu.edu.LANComm.ui.MainFrame
java_class_path (initial): D:\SoftWare\javaJDK\JDK8u91\jre\lib\charsets.jar;D:\SoftWare\javaJDK\JDK8u91\jre\lib\deploy.jar;D:\SoftWare\javaJDK\JDK8u91\jre\lib\ext\access-bridge-64.jar;D:\SoftWare\javaJDK\JDK8u91\jre\lib\ext\cldrdata.jar;D:\SoftWare\javaJDK\JDK8u91\jre\lib\ext\dnsns.jar;D:\SoftWare\javaJDK\JDK8u91\jre\lib\ext\jaccess.jar;D:\SoftWare\javaJDK\JDK8u91\jre\lib\ext\jfxrt.jar;D:\SoftWare\javaJDK\JDK8u91\jre\lib\ext\localedata.jar;D:\SoftWare\javaJDK\JDK8u91\jre\lib\ext\nashorn.jar;D:\SoftWare\javaJDK\JDK8u91\jre\lib\ext\sunec.jar;D:\SoftWare\javaJDK\JDK8u91\jre\lib\ext\sunjce_provider.jar;D:\SoftWare\javaJDK\JDK8u91\jre\lib\ext\sunmscapi.jar;D:\SoftWare\javaJDK\JDK8u91\jre\lib\ext\sunpkcs11.jar;D:\SoftWare\javaJDK\JDK8u91\jre\lib\ext\zipfs.jar;D:\SoftWare\javaJDK\JDK8u91\jre\lib\javaws.jar;D:\SoftWare\javaJDK\JDK8u91\jre\lib\jce.jar;D:\SoftWare\javaJDK\JDK8u91\jre\lib\jfr.jar;D:\SoftWare\javaJDK\JDK8u91\jre\lib\jfxswt.jar;D:\SoftWare\javaJDK\JDK8u91\jre\lib\jsse.jar;D:\SoftWare\javaJDK\JDK8u91\jre\lib\management-agent.jar;D:\SoftWare\javaJDK\JDK8u91\jre\lib\plugin.jar;D:\SoftWare\javaJDK\JDK8u91\jre\lib\resources.jar;D:\SoftWare\javaJDK\JDK8u91\jre\lib\rt.jar;F:\seuLANComm\target\classes;C:\Users\Administrator\.m2\repository\jfree\jfreechart\1.0.13\jfreechart-1.0.13.jar;C:\Users\Administrator\.m2\repository\jfree\jcommon\1.0.16\jcommon-1.0.16.jar;C:\Users\Administrator\.m2\repository\log4j\log4j\1.2.17\log4j-1.2.17.jar;F:\seuLANCommZL\jpcap.jar;F:\UART\jfreechart-1.0.13\jfreechart-1.0.13\jfreechart-1.0.13-demo.jar;D:\SoftWare\IntelliJ IDEA\IntelliJ IDEA 2017.1.2\lib\idea_rt.jar
Launcher Type: SUN_STANDARD

Environment Variables:
JAVA_HOME=D:\SoftWare\javaJDK\JDK8u91
CLASSPATH=.;D:\SoftWare\javaJDK\JDK8u91\lib;D:\SoftWare\javaJDK\JDK8u91\lib\tools.jar;D:\SoftWare\Tomcat\apache-tomcat-6.0.45\lib\servlet-api.jar
PATH=D:\SoftWare\Oracle11gdatabase\product\11.2.0\dbhome_1\bin;C:\ProgramData\Oracle\Java\javapath;C:\Windows\system32;C:\Windows;C:\Windows\System32\Wbem;C:\Windows\System32\WindowsPowerShell\v1.0\;D:\SoftWare\Matlab\runtime\win64;D:\SoftWare\Matlab\bin;D:\SoftWare\Matlab\polyspace\bin;C:\Program Files (x86)\Windows Kits\8.1\Windows Performance Toolkit\;C:\Program Files (x86)\Microsoft SDKs\TypeScript\1.0\;D:\SoftWare\javaJDK\JDK8u91\bin;D:\SoftWare\javaJDK\JDK8u91\jre\bin;C:\Program Files (x86)\Microsoft SQL Server\100\Tools\Binn\;C:\Program Files\Microsoft SQL Server\100\Tools\Binn\;C:\Program Files\Microsoft SQL Server\100\DTS\Binn\;C:\Program Files (x86)\Microsoft SQL Server\100\Tools\Binn\VSShell\Common7\IDE\;C:\Program Files (x86)\Microsoft SQL Server\100\DTS\Binn\;C:\Program Files (x86)\Microsoft Visual Studio 9.0\Common7\IDE\PrivateAssemblies\;C:\Program Files (x86)\NVIDIA Corporation\PhysX\Common;D:\SoftWare\msysgit\Git\cmd;C:\Program Files\MySQL\MySQL Utilities 1.6\;D:\SoftWare\ThirdPart4Java\Maven350\apache-maven-3.5.0\bin;D:\SoftWare\CMake\bin;C:\server;D:\SoftWare\Python35\Scripts\;D:\SoftWare\Python35\;D:\SoftWare\VSCode\Microsoft VS Code\bin;D:\SoftWare\Modelsim\win64;D:\SoftWare\ThirdPart4Java\Maven350\apache-maven-3.5.0\bin
USERNAME=Administrator
OS=Windows_NT
PROCESSOR_IDENTIFIER=Intel64 Family 6 Model 60 Stepping 3, GenuineIntel



---------------  S Y S T E M  ---------------

OS: Windows 7 , 64 bit Build 7601 (6.1.7601.23915)

CPU:total 4 (4 cores per cpu, 1 threads per core) family 6 model 60 stepping 3, cmov, cx8, fxsr, mmx, sse, sse2, sse3, ssse3, sse4.1, sse4.2, popcnt, avx, avx2, aes, clmul, erms, lzcnt, tsc, tscinvbit, bmi1, bmi2

Memory: 4k page, physical 8334220k(1802556k free), swap 16666580k(8272120k free)

vm_info: Java HotSpot(TM) 64-Bit Server VM (25.91-b15) for windows-amd64 JRE (1.8.0_91-b15), built on May 20 2016 17:43:15 by "java_re" with MS VC++ 10.0 (VS2010)

time: Sun Mar 18 22:30:00 2018
elapsed time: 84 seconds (0d 0h 1m 24s)

